============================= test session starts ==============================
platform darwin -- Python 3.13.7, pytest-8.4.1, pluggy-1.6.0 -- /Users/parkerbeard/golfdaddy-brain/backend/venv/bin/python
cachedir: .pytest_cache
rootdir: /Users/parkerbeard/golfdaddy-brain/backend
configfile: pytest.ini
plugins: anyio-4.9.0, asyncio-1.1.0, cov-6.2.1, mock-3.14.1
asyncio: mode=Mode.STRICT, asyncio_default_fixture_loop_scope=None, asyncio_default_test_loop_scope=function
collecting ... collected 264 items

tests/unit/api/test_api_gateway.py::TestApiKeyMiddleware::test_valid_api_key PASSED [  0%]
tests/unit/api/test_api_gateway.py::TestApiKeyMiddleware::test_invalid_api_key PASSED [  0%]
tests/unit/api/test_api_gateway.py::TestApiKeyMiddleware::test_missing_api_key PASSED [  1%]
tests/unit/api/test_api_gateway.py::TestApiKeyMiddleware::test_excluded_path PASSED [  1%]
tests/unit/api/test_api_gateway.py::TestRateLimiter::test_rate_limiting PASSED [  1%]
tests/unit/api/test_api_gateway.py::TestRateLimiter::test_custom_rate_limit PASSED [  2%]
tests/unit/api/test_api_gateway.py::TestRateLimiter::test_excluded_path_rate_limit PASSED [  2%]
tests/unit/api/test_api_gateway.py::TestRequestMetrics::test_metrics_collection FAILED [  3%]
tests/unit/api/test_auth_endpoints.py::test_auth_me_root_requires_bearer_token PASSED [  3%]
tests/unit/api/test_auth_endpoints.py::test_auth_me_v1_requires_bearer_token PASSED [  3%]
tests/unit/api/test_auth_endpoints.py::test_login_returns_token_with_mocked_supabase FAILED [  4%]
tests/unit/api/test_basic_auth.py::TestBasicAuth::test_health_endpoint_no_auth PASSED [  4%]
tests/unit/api/test_basic_auth.py::TestBasicAuth::test_api_endpoint_requires_api_key_when_enabled FAILED [  4%]
tests/unit/api/test_basic_auth.py::TestBasicAuth::test_docs_endpoint_no_auth PASSED [  5%]
tests/unit/api/test_basic_auth.py::TestBasicAuth::test_auth_exclude_paths PASSED [  5%]
tests/unit/api/test_basic_auth.py::TestBasicAuth::test_valid_api_key_passes_when_enabled PASSED [  6%]
tests/unit/api/test_basic_auth.py::TestBasicAuth::test_frontend_url_configured PASSED [  6%]
tests/unit/api/test_basic_auth.py::TestBasicAuth::test_slack_settings_configured PASSED [  6%]
tests/unit/api/test_basic_auth.py::TestBasicAuth::test_api_auth_disabled_by_default PASSED [  7%]
tests/unit/api/test_daily_report_endpoints.py::test_submit_eod_report_success FAILED [  7%]
tests/unit/api/test_daily_report_endpoints.py::test_submit_eod_report_service_exception FAILED [  7%]
tests/unit/api/test_daily_report_endpoints.py::test_submit_eod_report_validation_error FAILED [  8%]
tests/unit/api/test_daily_report_endpoints.py::test_get_my_daily_reports_success FAILED [  8%]
tests/unit/api/test_daily_report_endpoints.py::test_get_my_daily_report_for_date_success FAILED [  9%]
tests/unit/api/test_daily_report_endpoints.py::test_get_my_daily_report_for_date_not_found FAILED [  9%]
tests/unit/api/test_daily_report_endpoints.py::test_get_my_daily_report_for_date_invalid_format FAILED [  9%]
tests/unit/api/test_daily_report_endpoints.py::test_get_daily_report_by_id_success FAILED [ 10%]
tests/unit/api/test_daily_report_endpoints.py::test_get_daily_report_by_id_not_found FAILED [ 10%]
tests/unit/api/test_daily_report_endpoints.py::test_get_daily_report_by_id_invalid_uuid FAILED [ 10%]
tests/unit/api/test_health.py::TestHealthChecker::test_check_database_success PASSED [ 11%]
tests/unit/api/test_health.py::TestHealthChecker::test_check_database_failure PASSED [ 11%]
tests/unit/api/test_health.py::TestHealthChecker::test_check_github_api_success FAILED [ 12%]
tests/unit/api/test_health.py::TestHealthChecker::test_check_github_api_no_token PASSED [ 12%]
tests/unit/api/test_health.py::TestHealthChecker::test_check_github_api_degraded FAILED [ 12%]
tests/unit/api/test_health.py::TestHealthChecker::test_check_openai_api_success FAILED [ 13%]
tests/unit/api/test_health.py::TestHealthChecker::test_check_openai_api_no_key PASSED [ 13%]
tests/unit/api/test_health.py::TestHealthChecker::test_check_circuit_breakers_healthy PASSED [ 14%]
tests/unit/api/test_health.py::TestHealthChecker::test_check_circuit_breakers_degraded PASSED [ 14%]
tests/unit/api/test_health.py::TestHealthChecker::test_check_circuit_breakers_unhealthy PASSED [ 14%]
tests/unit/api/test_health.py::TestHealthChecker::test_check_rate_limiters_healthy PASSED [ 15%]
tests/unit/api/test_health.py::TestHealthChecker::test_check_rate_limiters_degraded PASSED [ 15%]
tests/unit/api/test_health.py::TestHealthEndpoints::test_basic_health PASSED [ 15%]
tests/unit/api/test_health.py::TestHealthEndpoints::test_detailed_health_disabled PASSED [ 16%]
tests/unit/api/test_health.py::TestHealthEndpoints::test_detailed_health_success FAILED [ 16%]
tests/unit/api/test_health.py::TestHealthEndpoints::test_detailed_health_degraded FAILED [ 17%]
tests/unit/api/test_health.py::TestHealthEndpoints::test_metrics_endpoint PASSED [ 17%]
tests/unit/api/test_health.py::TestHealthEndpoints::test_reset_circuit_breaker_success PASSED [ 17%]
tests/unit/api/test_health.py::TestHealthEndpoints::test_reset_circuit_breaker_not_found FAILED [ 18%]
tests/unit/api/test_webhooks.py::TestWebhookEndpoints::test_github_webhook_success FAILED [ 18%]
tests/unit/api/test_webhooks.py::TestWebhookEndpoints::test_github_webhook_no_secret_configured FAILED [ 18%]
tests/unit/api/test_webhooks.py::TestWebhookEndpoints::test_github_webhook_invalid_signature FAILED [ 19%]
tests/unit/api/test_webhooks.py::TestWebhookEndpoints::test_github_webhook_missing_signature FAILED [ 19%]
tests/unit/api/test_webhooks.py::TestWebhookEndpoints::test_github_webhook_invalid_json FAILED [ 20%]
tests/unit/api/test_webhooks.py::TestWebhookEndpoints::test_github_webhook_processing_error FAILED [ 20%]
tests/unit/api/test_webhooks.py::TestWebhookEndpoints::test_github_webhook_status_configured FAILED [ 20%]
tests/unit/api/test_webhooks.py::TestWebhookEndpoints::test_github_webhook_status_not_configured FAILED [ 21%]
tests/unit/core/test_circuit_breaker.py::TestCircuitBreakerConfig::test_default_config PASSED [ 21%]
tests/unit/core/test_circuit_breaker.py::TestCircuitBreakerConfig::test_custom_config PASSED [ 21%]
tests/unit/core/test_circuit_breaker.py::TestCircuitBreaker::test_initial_state PASSED [ 22%]
tests/unit/core/test_circuit_breaker.py::TestCircuitBreaker::test_successful_call PASSED [ 22%]
tests/unit/core/test_circuit_breaker.py::TestCircuitBreaker::test_sync_function_call PASSED [ 23%]
tests/unit/core/test_circuit_breaker.py::TestCircuitBreaker::test_single_failure PASSED [ 23%]
tests/unit/core/test_circuit_breaker.py::TestCircuitBreaker::test_threshold_failures_open_circuit PASSED [ 23%]
tests/unit/core/test_circuit_breaker.py::TestCircuitBreaker::test_open_circuit_blocks_calls PASSED [ 24%]
tests/unit/core/test_circuit_breaker.py::TestCircuitBreaker::test_circuit_recovery_attempt FAILED [ 24%]
tests/unit/core/test_circuit_breaker.py::TestCircuitBreaker::test_half_open_state_recovery PASSED [ 25%]
tests/unit/core/test_circuit_breaker.py::TestCircuitBreaker::test_half_open_failure_returns_to_open PASSED [ 25%]
tests/unit/core/test_circuit_breaker.py::TestCircuitBreaker::test_unexpected_exception_not_handled PASSED [ 25%]
tests/unit/core/test_circuit_breaker.py::TestCircuitBreaker::test_status_property PASSED [ 26%]
tests/unit/core/test_circuit_breaker.py::TestCircuitBreakerManager::test_create_breaker PASSED [ 26%]
tests/unit/core/test_circuit_breaker.py::TestCircuitBreakerManager::test_get_nonexistent_breaker PASSED [ 26%]
tests/unit/core/test_circuit_breaker.py::TestCircuitBreakerManager::test_get_status_all_breakers PASSED [ 27%]
tests/unit/core/test_circuit_breaker.py::TestCircuitBreakerManager::test_reset_breaker PASSED [ 27%]
tests/unit/core/test_circuit_breaker.py::TestCircuitBreakerManager::test_reset_nonexistent_breaker PASSED [ 28%]
tests/unit/core/test_circuit_breaker.py::TestCircuitBreakerDecorator::test_decorator_async_function PASSED [ 28%]
tests/unit/core/test_circuit_breaker.py::TestCircuitBreakerDecorator::test_decorator_sync_function PASSED [ 28%]
tests/unit/core/test_circuit_breaker.py::TestGlobalCircuitManager::test_global_manager_exists PASSED [ 29%]
tests/unit/core/test_circuit_breaker.py::TestGlobalCircuitManager::test_github_circuit_breaker_creation FAILED [ 29%]
tests/unit/core/test_circuit_breaker.py::TestGlobalCircuitManager::test_openai_circuit_breaker_creation FAILED [ 29%]
tests/unit/core/test_log_sanitizer.py::TestSensitiveDataFilter::test_api_key_redaction PASSED [ 30%]
tests/unit/core/test_log_sanitizer.py::TestSensitiveDataFilter::test_password_redaction PASSED [ 30%]
tests/unit/core/test_log_sanitizer.py::TestSensitiveDataFilter::test_base64_redaction PASSED [ 31%]
tests/unit/core/test_log_sanitizer.py::TestSensitiveDataFilter::test_header_redaction PASSED [ 31%]
tests/unit/core/test_log_sanitizer.py::TestSensitiveDataFilter::test_email_redaction PASSED [ 31%]
tests/unit/core/test_log_sanitizer.py::TestSensitiveDataFilter::test_database_url_redaction PASSED [ 32%]
tests/unit/core/test_log_sanitizer.py::TestSensitiveDataFilter::test_jwt_token_redaction PASSED [ 32%]
tests/unit/core/test_log_sanitizer.py::TestSensitiveDataFilter::test_aws_credentials_redaction PASSED [ 32%]
tests/unit/core/test_log_sanitizer.py::TestSensitiveDataFilter::test_credit_card_redaction PASSED [ 33%]
tests/unit/core/test_log_sanitizer.py::TestSensitiveDataFilter::test_ssn_redaction PASSED [ 33%]
tests/unit/core/test_log_sanitizer.py::TestSensitiveDataFilter::test_uuid_redaction PASSED [ 34%]
tests/unit/core/test_log_sanitizer.py::TestSensitiveDataFilter::test_full_redact_patterns PASSED [ 34%]
tests/unit/core/test_log_sanitizer.py::TestSensitiveDataFilter::test_mixed_content_redaction PASSED [ 34%]
tests/unit/core/test_log_sanitizer.py::TestSensitiveDataFilter::test_safe_content_not_redacted PASSED [ 35%]
tests/unit/core/test_log_sanitizer.py::TestSensitiveDataFilter::test_exception_info_redaction PASSED [ 35%]
tests/unit/core/test_log_sanitizer.py::TestLogSanitizerFunctions::test_add_sensitive_data_filter_to_logger PASSED [ 35%]
tests/unit/core/test_log_sanitizer.py::TestLogSanitizerFunctions::test_add_sensitive_data_filter_to_root PASSED [ 36%]
tests/unit/core/test_log_sanitizer.py::TestLogSanitizerFunctions::test_configure_secure_logging PASSED [ 36%]
tests/unit/core/test_log_sanitizer.py::TestLogSanitizerIntegration::test_multiple_handlers_with_sanitizer PASSED [ 37%]
tests/unit/core/test_log_sanitizer.py::TestLogSanitizerIntegration::test_logger_hierarchy_with_sanitizer PASSED [ 37%]
tests/unit/integrations/test_commit_analyzer_impact.py::TestCommitAnalyzerImpact::test_analyze_commit_impact_scoring FAILED [ 37%]
tests/unit/integrations/test_commit_analyzer_impact.py::TestCommitAnalyzerImpact::test_analyze_commit_diff_combined_scoring FAILED [ 38%]
tests/unit/integrations/test_commit_analyzer_impact.py::TestCommitAnalyzerImpact::test_impact_score_calculation FAILED [ 38%]
tests/unit/integrations/test_commit_analyzer_impact.py::TestCommitAnalyzerImpact::test_error_handling FAILED [ 39%]
tests/unit/models/test_commit_model.py::test_commit_model_valid PASSED   [ 39%]
tests/unit/models/test_commit_model.py::test_commit_model_missing_required PASSED [ 39%]
tests/unit/models/test_daily_report_models.py::test_ai_analysis_creation_minimal PASSED [ 40%]
tests/unit/models/test_daily_report_models.py::test_ai_analysis_creation_full PASSED [ 40%]
tests/unit/models/test_daily_report_models.py::test_clarification_request_creation_defaults PASSED [ 40%]
tests/unit/models/test_daily_report_models.py::test_clarification_request_creation_with_status PASSED [ 41%]
tests/unit/models/test_daily_report_models.py::test_daily_report_create_fields PASSED [ 41%]
tests/unit/models/test_daily_report_models.py::test_daily_report_create_creation PASSED [ 42%]
tests/unit/models/test_daily_report_models.py::test_daily_report_update_creation_empty PASSED [ 42%]
tests/unit/models/test_daily_report_models.py::test_daily_report_update_creation_with_data PASSED [ 42%]
tests/unit/models/test_daily_report_models.py::test_daily_report_db_model_creation PASSED [ 43%]
tests/unit/models/test_daily_report_models.py::test_daily_report_validation_error PASSED [ 43%]
tests/unit/models/test_daily_report_models.py::test_model_serialization_deserialization PASSED [ 43%]
tests/unit/models/test_github_event_schemas.py::test_commit_payload_valid PASSED [ 44%]
tests/unit/models/test_github_event_schemas.py::test_commit_payload_invalid_url PASSED [ 44%]
tests/unit/models/test_github_event_schemas.py::test_commit_file_data_required PASSED [ 45%]
tests/unit/models/test_github_event_schemas.py::test_commit_detail_missing_field PASSED [ 45%]
tests/unit/models/test_github_event_schemas.py::test_github_repo_valid PASSED [ 45%]
tests/unit/models/test_github_event_schemas.py::test_github_repo_invalid_url PASSED [ 46%]
tests/unit/models/test_github_event_schemas.py::test_github_user_email_validation PASSED [ 46%]
tests/unit/models/test_github_event_schemas.py::test_commit_and_push_event FAILED [ 46%]
tests/unit/models/test_user_model.py::test_user_model_valid_role_coercion PASSED [ 47%]
tests/unit/models/test_user_model.py::test_user_model_invalid_email PASSED [ 47%]
tests/unit/models/test_user_model.py::test_user_model_missing_id PASSED  [ 48%]
tests/unit/repositories/test_commit_repository.py::test_get_existing_commit_hashes_empty_list PASSED [ 48%]
tests/unit/repositories/test_commit_repository.py::test_get_existing_commit_hashes_single_batch FAILED [ 48%]
tests/unit/repositories/test_commit_repository.py::test_get_existing_commit_hashes_multiple_batches FAILED [ 49%]
tests/unit/repositories/test_commit_repository.py::test_get_commits_with_analysis_empty_list PASSED [ 49%]
tests/unit/repositories/test_commit_repository.py::test_get_commits_with_analysis_success FAILED [ 50%]
tests/unit/repositories/test_commit_repository.py::test_get_commits_with_analysis_with_decimal_conversion FAILED [ 50%]
tests/unit/repositories/test_commit_repository.py::test_get_existing_commit_hashes_database_error PASSED [ 50%]
tests/unit/repositories/test_commit_repository.py::test_convert_commit_to_analysis_from_seeder FAILED [ 51%]
tests/unit/repositories/test_commit_repository.py::test_convert_commit_to_analysis_malformed_json FAILED [ 51%]
tests/unit/repositories/test_daily_report_repository.py::test_create_daily_report PASSED [ 51%]
tests/unit/repositories/test_daily_report_repository.py::test_get_daily_report_by_id FAILED [ 52%]
tests/unit/repositories/test_daily_report_repository.py::test_get_daily_report_by_id_not_found FAILED [ 52%]
tests/unit/repositories/test_daily_report_repository.py::test_get_daily_reports_by_user_id FAILED [ 53%]
tests/unit/repositories/test_daily_report_repository.py::test_get_daily_reports_by_user_and_date FAILED [ 53%]
tests/unit/repositories/test_daily_report_repository.py::test_update_daily_report FAILED [ 53%]
tests/unit/repositories/test_daily_report_repository.py::test_update_daily_report_partial FAILED [ 54%]
tests/unit/repositories/test_daily_report_repository.py::test_update_daily_report_not_found FAILED [ 54%]
tests/unit/repositories/test_daily_report_repository.py::test_delete_daily_report FAILED [ 54%]
tests/unit/repositories/test_daily_report_repository.py::test_delete_daily_report_not_found FAILED [ 55%]
tests/unit/repositories/test_daily_report_repository.py::test_get_all_daily_reports FAILED [ 55%]
tests/unit/repositories/test_user_repository.py::test_create_user FAILED [ 56%]
tests/unit/repositories/test_user_repository.py::test_get_user_by_id FAILED [ 56%]
tests/unit/repositories/test_user_repository.py::test_get_user_by_slack_id FAILED [ 56%]
tests/unit/repositories/test_user_repository.py::test_list_users_by_role FAILED [ 57%]
tests/unit/repositories/test_user_repository.py::test_update_user FAILED [ 57%]
tests/unit/services/test_change_analyzer.py::TestDiffParser::test_parse_simple_diff PASSED [ 57%]
tests/unit/services/test_change_analyzer.py::TestDiffParser::test_parse_new_file PASSED [ 58%]
tests/unit/services/test_change_analyzer.py::TestDiffParser::test_parse_deleted_file PASSED [ 58%]
tests/unit/services/test_change_analyzer.py::TestDiffParser::test_parse_multiple_files PASSED [ 59%]
tests/unit/services/test_change_analyzer.py::TestChangeAnalyzer::test_extract_function_symbols PASSED [ 59%]
tests/unit/services/test_change_analyzer.py::TestChangeAnalyzer::test_extract_class_symbols PASSED [ 59%]
tests/unit/services/test_change_analyzer.py::TestChangeAnalyzer::test_extract_endpoints PASSED [ 60%]
tests/unit/services/test_change_analyzer.py::TestChangeAnalyzer::test_extract_config_changes PASSED [ 60%]
tests/unit/services/test_change_analyzer.py::TestChangeAnalyzer::test_identify_breaking_changes PASSED [ 60%]
tests/unit/services/test_change_analyzer.py::TestChangeAnalyzer::test_identify_new_features PASSED [ 61%]
tests/unit/services/test_change_analyzer.py::TestChangeAnalyzer::test_categorize_changes PASSED [ 61%]
tests/unit/services/test_change_analyzer.py::TestChangeAnalyzer::test_calculate_impact_score PASSED [ 62%]
tests/unit/services/test_change_analyzer.py::TestChangeAnalyzer::test_extract_migrations PASSED [ 62%]
tests/unit/services/test_change_analyzer.py::TestChangeAnalyzer::test_private_vs_public_symbols PASSED [ 62%]
tests/unit/services/test_commit_analysis_service.py::test_process_commit_new_commit_success ERROR [ 63%]
tests/unit/services/test_commit_analysis_service.py::test_process_commit_existing_needs_analysis ERROR [ 63%]
tests/unit/services/test_commit_analysis_service.py::test_process_commit_already_processed ERROR [ 64%]
tests/unit/services/test_commit_analysis_service.py::test_process_commit_user_not_found ERROR [ 64%]
tests/unit/services/test_commit_analysis_service.py::test_process_commit_create_fails ERROR [ 64%]
tests/unit/services/test_commit_analysis_service.py::test_process_commit_update_fails ERROR [ 65%]
tests/unit/services/test_daily_commit_analysis_service.py::test_analyze_for_report_new_analysis ERROR [ 65%]
tests/unit/services/test_daily_commit_analysis_service.py::test_analyze_for_report_existing_analysis ERROR [ 65%]
tests/unit/services/test_daily_commit_analysis_service.py::test_analyze_for_report_no_commits ERROR [ 66%]
tests/unit/services/test_daily_commit_analysis_service.py::test_analyze_for_date_automatic FAILED [ 66%]
tests/unit/services/test_daily_commit_analysis_service.py::test_run_midnight_analysis FAILED [ 67%]
tests/unit/services/test_daily_commit_analysis_service.py::test_prepare_analysis_context ERROR [ 67%]
tests/unit/services/test_daily_commit_analysis_service.py::test_get_user_analysis_history FAILED [ 67%]
tests/unit/services/test_daily_commit_analysis_service.py::test_init_service PASSED [ 68%]
tests/unit/services/test_daily_report_service.py::test_submit_daily_report_new FAILED [ 68%]
tests/unit/services/test_daily_report_service.py::test_submit_daily_report_existing FAILED [ 68%]
tests/unit/services/test_daily_report_service.py::test_submit_daily_report_ai_processing_fails FAILED [ 69%]
tests/unit/services/test_daily_report_service.py::test_get_report_by_id PASSED [ 69%]
tests/unit/services/test_daily_report_service.py::test_get_report_by_id_not_found PASSED [ 70%]
tests/unit/services/test_daily_report_service.py::test_get_reports_for_user PASSED [ 70%]
tests/unit/services/test_daily_report_service.py::test_get_user_report_for_date PASSED [ 70%]
tests/unit/services/test_daily_report_service.py::test_update_report_assessment PASSED [ 71%]
tests/unit/services/test_daily_report_service.py::test_link_commits_to_report PASSED [ 71%]
tests/unit/services/test_daily_report_service.py::test_link_commits_to_report_no_initial_commits PASSED [ 71%]
tests/unit/services/test_daily_report_service.py::test_link_commits_to_report_non_existent_report PASSED [ 72%]
tests/unit/services/test_daily_report_service.py::test_submit_daily_report_update_fails_after_get_existing FAILED [ 72%]
tests/unit/services/test_daily_report_service.py::test_submit_daily_report_ai_update_fails_after_successful_first_update FAILED [ 73%]
tests/unit/services/test_daily_report_service.py::test_submit_daily_report_ai_service_exception FAILED [ 73%]
tests/unit/services/test_deduplication_service.py::TestDeduplicationService::test_find_duplicates_high_confidence ERROR [ 73%]
tests/unit/services/test_deduplication_service.py::TestDeduplicationService::test_find_duplicates_no_matches ERROR [ 74%]
tests/unit/services/test_deduplication_service.py::TestDeduplicationService::test_apply_deduplication_rules FAILED [ 74%]
tests/unit/services/test_deduplication_service.py::TestDeduplicationService::test_deduplication_with_time_correlation FAILED [ 75%]
tests/unit/services/test_deduplication_service.py::TestDeduplicationService::test_weekly_aggregation ERROR [ 75%]
tests/unit/services/test_deduplication_service.py::TestDeduplicationService::test_deduplication_result_persistence FAILED [ 75%]
tests/unit/services/test_deduplication_service.py::TestDeduplicationService::test_handle_empty_inputs FAILED [ 76%]
tests/unit/services/test_deduplication_service.py::TestDeduplicationService::test_ai_similarity_error_handling ERROR [ 76%]
tests/unit/services/test_deduplication_service.py::TestDeduplicationService::test_complex_deduplication_scenario FAILED [ 76%]
tests/unit/services/test_unified_daily_analysis_service.py::TestUnifiedDailyAnalysisService::test_analyze_daily_work_with_commits_and_report FAILED [ 77%]
tests/unit/services/test_unified_daily_analysis_service.py::TestUnifiedDailyAnalysisService::test_analyze_daily_work_commits_only FAILED [ 77%]
tests/unit/services/test_unified_daily_analysis_service.py::TestUnifiedDailyAnalysisService::test_analyze_daily_work_report_only FAILED [ 78%]
tests/unit/services/test_unified_daily_analysis_service.py::TestUnifiedDailyAnalysisService::test_analyze_daily_work_no_activity FAILED [ 78%]
tests/unit/services/test_unified_daily_analysis_service.py::TestUnifiedDailyAnalysisService::test_analyze_daily_work_existing_analysis FAILED [ 78%]
tests/unit/services/test_unified_daily_analysis_service.py::TestUnifiedDailyAnalysisService::test_analyze_daily_work_force_reanalysis FAILED [ 79%]
tests/unit/services/test_unified_daily_analysis_service.py::TestUnifiedDailyAnalysisService::test_parse_ai_response_validation FAILED [ 79%]
tests/unit/services/test_unified_daily_analysis_service.py::TestUnifiedDailyAnalysisService::test_ai_error_handling FAILED [ 79%]
tests/unit/services/test_unified_daily_analysis_service.py::TestUnifiedDailyAnalysisService::test_get_weekly_aggregate FAILED [ 80%]
tests/unit/services/test_unified_daily_analysis_service.py::TestUnifiedDailyAnalysisService::test_handle_clarification_needed FAILED [ 80%]
tests/unit/services/test_unified_daily_analysis_service.py::TestUnifiedDailyAnalysisService::test_provide_clarification FAILED [ 81%]
tests/unit/services/test_unified_daily_analysis_service.py::TestUnifiedDailyAnalysisService::test_deduplication_in_prompt FAILED [ 81%]
tests/unit/test_ai_integration_v2.py::TestAIIntegrationV2::test_init_with_api_key PASSED [ 81%]
tests/unit/test_ai_integration_v2.py::TestAIIntegrationV2::test_init_without_api_key PASSED [ 82%]
tests/unit/test_ai_integration_v2.py::TestAIIntegrationV2::test_make_completion_request PASSED [ 82%]
tests/unit/test_ai_integration_v2.py::TestAIIntegrationV2::test_make_completion_request_with_json PASSED [ 82%]
tests/unit/test_ai_integration_v2.py::TestAIIntegrationV2::test_make_completion_request_no_client PASSED [ 83%]
tests/unit/test_ai_integration_v2.py::TestAIIntegrationV2::test_analyze_commit_diff PASSED [ 83%]
tests/unit/test_ai_integration_v2.py::TestAIIntegrationV2::test_analyze_commit_diff_no_diff PASSED [ 84%]
tests/unit/test_ai_integration_v2.py::TestAIIntegrationV2::test_generate_documentation PASSED [ 84%]
tests/unit/test_ai_integration_v2.py::TestAIIntegrationV2::test_analyze_eod_report PASSED [ 84%]
tests/unit/test_ai_integration_v2.py::TestAIIntegrationV2::test_analyze_code_quality PASSED [ 85%]
tests/unit/test_ai_integration_v2.py::TestAIIntegrationV2::test_analyze_semantic_similarity PASSED [ 85%]
tests/unit/test_ai_integration_v2.py::TestAIIntegrationV2::test_analyze_daily_work PASSED [ 85%]
tests/unit/test_ai_integration_v2.py::TestAIIntegrationV2::test_error_handling_json_decode PASSED [ 86%]
tests/unit/test_ai_integration_v2.py::TestAIIntegrationV2::test_error_handling_api_error PASSED [ 86%]
tests/unit/test_ai_integration_v2.py::TestAIIntegrationV2::test_analyze_eod_report_text PASSED [ 87%]
tests/unit/test_ai_integration_v2.py::TestAIIntegrationV2::test_check_if_clarification_needed_prefilled PASSED [ 87%]
tests/unit/test_ai_integration_v2.py::TestAIIntegrationV2::test_check_if_clarification_needed_llm PASSED [ 87%]
tests/unit/test_ai_integration_v2.py::TestAIIntegrationV2::test_process_eod_clarification PASSED [ 88%]
tests/unit/test_ai_integration_v2.py::TestAIIntegrationV2::test_analyze_commit_code_quality_legacy PASSED [ 88%]
tests/unit/test_ai_integration_v2.py::TestAIIntegrationV2::test_generate_development_task_content PASSED [ 89%]
tests/unit/test_github_app.py::TestGitHubApp::test_init PASSED           [ 89%]
tests/unit/test_github_app.py::TestGitHubApp::test_generate_jwt PASSED   [ 89%]
tests/unit/test_github_app.py::TestGitHubApp::test_generate_jwt_missing_credentials PASSED [ 90%]
tests/unit/test_github_app.py::TestGitHubApp::test_get_installation_token PASSED [ 90%]
tests/unit/test_github_app.py::TestGitHubApp::test_get_installation_token_cached PASSED [ 90%]
tests/unit/test_github_app.py::TestGitHubApp::test_verify_webhook_valid PASSED [ 91%]
tests/unit/test_github_app.py::TestGitHubApp::test_verify_webhook_invalid PASSED [ 91%]
tests/unit/test_github_app.py::TestGitHubApp::test_verify_webhook_no_secret PASSED [ 92%]
tests/unit/test_github_app.py::TestGitHubApp::test_create_pull_request PASSED [ 92%]
tests/unit/test_github_app.py::TestGitHubApp::test_create_check_run PASSED [ 92%]
tests/unit/test_github_app.py::TestGitHubApp::test_update_check_run PASSED [ 93%]
tests/unit/test_github_app.py::TestGitHubApp::test_get_file_contents PASSED [ 93%]
tests/unit/test_github_app.py::TestGitHubApp::test_create_or_update_file PASSED [ 93%]
tests/unit/test_github_app.py::TestGitHubApp::test_get_pull_request_diff PASSED [ 94%]
tests/unit/test_no_cors.py::test_cors_headers_not_present PASSED         [ 94%]
tests/unit/webhooks/test_github_webhook.py::TestGitHubWebhookHandler::test_verify_signature_valid PASSED [ 95%]
tests/unit/webhooks/test_github_webhook.py::TestGitHubWebhookHandler::test_verify_signature_invalid PASSED [ 95%]
tests/unit/webhooks/test_github_webhook.py::TestGitHubWebhookHandler::test_verify_signature_missing PASSED [ 95%]
tests/unit/webhooks/test_github_webhook.py::TestGitHubWebhookHandler::test_verify_signature_wrong_format PASSED [ 96%]
tests/unit/webhooks/test_github_webhook.py::TestGitHubWebhookHandler::test_extract_event_type PASSED [ 96%]
tests/unit/webhooks/test_github_webhook.py::TestGitHubWebhookHandler::test_extract_event_type_missing PASSED [ 96%]
tests/unit/webhooks/test_github_webhook.py::TestGitHubWebhookHandler::test_process_event_non_push PASSED [ 97%]
tests/unit/webhooks/test_github_webhook.py::TestGitHubWebhookHandler::test_process_push_event_success PASSED [ 97%]
tests/unit/webhooks/test_github_webhook.py::TestGitHubWebhookHandler::test_process_push_event_with_merge_commits PASSED [ 98%]
tests/unit/webhooks/test_github_webhook.py::TestGitHubWebhookHandler::test_process_push_event_analysis_failure PASSED [ 98%]
tests/unit/webhooks/test_github_webhook.py::TestGitHubWebhookHandler::test_process_push_event_exception PASSED [ 98%]
tests/unit/webhooks/test_github_webhook.py::TestGitHubWebhookHandler::test_process_push_event_no_commits PASSED [ 99%]
tests/unit/webhooks/test_github_webhook.py::TestGitHubWebhookHandler::test_convert_to_commit_payload PASSED [ 99%]
tests/unit/webhooks/test_github_webhook.py::TestGitHubWebhookHandler::test_convert_to_commit_payload_minimal PASSED [100%]

==================================== ERRORS ====================================
___________ ERROR at setup of test_process_commit_new_commit_success ___________
tests/unit/services/test_commit_analysis_service.py:89: in test_user
    user = User(
E   pydantic_core._pydantic_core.ValidationError: 2 validation errors for User
E   created_at
E     Field required [type=missing, input_value={'id': UUID('3914521c-16a...om', 'slack_id': 'U123'}, input_type=dict]
E       For further information visit https://errors.pydantic.dev/2.11/v/missing
E   updated_at
E     Field required [type=missing, input_value={'id': UUID('3914521c-16a...om', 'slack_id': 'U123'}, input_type=dict]
E       For further information visit https://errors.pydantic.dev/2.11/v/missing
---------------------------- Captured stderr setup -----------------------------
2025-09-05 12:00:31,969 - app.integrations.ai_integration_v2 - INFO - AIIntegrationV2 initialized. Model: gpt-5-2025-08-07
2025-09-05 12:00:31,972 - app.integrations.ai_integration_v2 - INFO - AIIntegrationV2 initialized. Model: gpt-5-2025-08-07
2025-09-05 12:00:31,975 - app.integrations.ai_integration_v2 - INFO - AIIntegrationV2 initialized. Model: gpt-5-2025-08-07
------------------------------ Captured log setup ------------------------------
INFO     app.integrations.ai_integration_v2:ai_integration_v2.py:36 AIIntegrationV2 initialized. Model: gpt-5-2025-08-07
INFO     app.integrations.ai_integration_v2:ai_integration_v2.py:36 AIIntegrationV2 initialized. Model: gpt-5-2025-08-07
INFO     app.integrations.ai_integration_v2:ai_integration_v2.py:36 AIIntegrationV2 initialized. Model: gpt-5-2025-08-07
________ ERROR at setup of test_process_commit_existing_needs_analysis _________
tests/unit/services/test_commit_analysis_service.py:89: in test_user
    user = User(
E   pydantic_core._pydantic_core.ValidationError: 2 validation errors for User
E   created_at
E     Field required [type=missing, input_value={'id': UUID('5c0c666a-b58...om', 'slack_id': 'U123'}, input_type=dict]
E       For further information visit https://errors.pydantic.dev/2.11/v/missing
E   updated_at
E     Field required [type=missing, input_value={'id': UUID('5c0c666a-b58...om', 'slack_id': 'U123'}, input_type=dict]
E       For further information visit https://errors.pydantic.dev/2.11/v/missing
---------------------------- Captured stderr setup -----------------------------
2025-09-05 12:00:31,982 - app.integrations.ai_integration_v2 - INFO - AIIntegrationV2 initialized. Model: gpt-5-2025-08-07
2025-09-05 12:00:31,985 - app.integrations.ai_integration_v2 - INFO - AIIntegrationV2 initialized. Model: gpt-5-2025-08-07
2025-09-05 12:00:31,988 - app.integrations.ai_integration_v2 - INFO - AIIntegrationV2 initialized. Model: gpt-5-2025-08-07
------------------------------ Captured log setup ------------------------------
INFO     app.integrations.ai_integration_v2:ai_integration_v2.py:36 AIIntegrationV2 initialized. Model: gpt-5-2025-08-07
INFO     app.integrations.ai_integration_v2:ai_integration_v2.py:36 AIIntegrationV2 initialized. Model: gpt-5-2025-08-07
INFO     app.integrations.ai_integration_v2:ai_integration_v2.py:36 AIIntegrationV2 initialized. Model: gpt-5-2025-08-07
___________ ERROR at setup of test_process_commit_already_processed ____________
tests/unit/services/test_commit_analysis_service.py:89: in test_user
    user = User(
E   pydantic_core._pydantic_core.ValidationError: 2 validation errors for User
E   created_at
E     Field required [type=missing, input_value={'id': UUID('656ff527-c40...om', 'slack_id': 'U123'}, input_type=dict]
E       For further information visit https://errors.pydantic.dev/2.11/v/missing
E   updated_at
E     Field required [type=missing, input_value={'id': UUID('656ff527-c40...om', 'slack_id': 'U123'}, input_type=dict]
E       For further information visit https://errors.pydantic.dev/2.11/v/missing
---------------------------- Captured stderr setup -----------------------------
2025-09-05 12:00:31,995 - app.integrations.ai_integration_v2 - INFO - AIIntegrationV2 initialized. Model: gpt-5-2025-08-07
2025-09-05 12:00:31,998 - app.integrations.ai_integration_v2 - INFO - AIIntegrationV2 initialized. Model: gpt-5-2025-08-07
2025-09-05 12:00:32,001 - app.integrations.ai_integration_v2 - INFO - AIIntegrationV2 initialized. Model: gpt-5-2025-08-07
------------------------------ Captured log setup ------------------------------
INFO     app.integrations.ai_integration_v2:ai_integration_v2.py:36 AIIntegrationV2 initialized. Model: gpt-5-2025-08-07
INFO     app.integrations.ai_integration_v2:ai_integration_v2.py:36 AIIntegrationV2 initialized. Model: gpt-5-2025-08-07
INFO     app.integrations.ai_integration_v2:ai_integration_v2.py:36 AIIntegrationV2 initialized. Model: gpt-5-2025-08-07
_____________ ERROR at setup of test_process_commit_user_not_found _____________
tests/unit/services/test_commit_analysis_service.py:89: in test_user
    user = User(
E   pydantic_core._pydantic_core.ValidationError: 2 validation errors for User
E   created_at
E     Field required [type=missing, input_value={'id': UUID('5599040d-979...om', 'slack_id': 'U123'}, input_type=dict]
E       For further information visit https://errors.pydantic.dev/2.11/v/missing
E   updated_at
E     Field required [type=missing, input_value={'id': UUID('5599040d-979...om', 'slack_id': 'U123'}, input_type=dict]
E       For further information visit https://errors.pydantic.dev/2.11/v/missing
---------------------------- Captured stderr setup -----------------------------
2025-09-05 12:00:32,007 - app.integrations.ai_integration_v2 - INFO - AIIntegrationV2 initialized. Model: gpt-5-2025-08-07
2025-09-05 12:00:32,011 - app.integrations.ai_integration_v2 - INFO - AIIntegrationV2 initialized. Model: gpt-5-2025-08-07
2025-09-05 12:00:32,014 - app.integrations.ai_integration_v2 - INFO - AIIntegrationV2 initialized. Model: gpt-5-2025-08-07
------------------------------ Captured log setup ------------------------------
INFO     app.integrations.ai_integration_v2:ai_integration_v2.py:36 AIIntegrationV2 initialized. Model: gpt-5-2025-08-07
INFO     app.integrations.ai_integration_v2:ai_integration_v2.py:36 AIIntegrationV2 initialized. Model: gpt-5-2025-08-07
INFO     app.integrations.ai_integration_v2:ai_integration_v2.py:36 AIIntegrationV2 initialized. Model: gpt-5-2025-08-07
______________ ERROR at setup of test_process_commit_create_fails ______________
tests/unit/services/test_commit_analysis_service.py:89: in test_user
    user = User(
E   pydantic_core._pydantic_core.ValidationError: 2 validation errors for User
E   created_at
E     Field required [type=missing, input_value={'id': UUID('1bd73634-60e...om', 'slack_id': 'U123'}, input_type=dict]
E       For further information visit https://errors.pydantic.dev/2.11/v/missing
E   updated_at
E     Field required [type=missing, input_value={'id': UUID('1bd73634-60e...om', 'slack_id': 'U123'}, input_type=dict]
E       For further information visit https://errors.pydantic.dev/2.11/v/missing
---------------------------- Captured stderr setup -----------------------------
2025-09-05 12:00:32,020 - app.integrations.ai_integration_v2 - INFO - AIIntegrationV2 initialized. Model: gpt-5-2025-08-07
2025-09-05 12:00:32,023 - app.integrations.ai_integration_v2 - INFO - AIIntegrationV2 initialized. Model: gpt-5-2025-08-07
2025-09-05 12:00:32,026 - app.integrations.ai_integration_v2 - INFO - AIIntegrationV2 initialized. Model: gpt-5-2025-08-07
------------------------------ Captured log setup ------------------------------
INFO     app.integrations.ai_integration_v2:ai_integration_v2.py:36 AIIntegrationV2 initialized. Model: gpt-5-2025-08-07
INFO     app.integrations.ai_integration_v2:ai_integration_v2.py:36 AIIntegrationV2 initialized. Model: gpt-5-2025-08-07
INFO     app.integrations.ai_integration_v2:ai_integration_v2.py:36 AIIntegrationV2 initialized. Model: gpt-5-2025-08-07
______________ ERROR at setup of test_process_commit_update_fails ______________
tests/unit/services/test_commit_analysis_service.py:89: in test_user
    user = User(
E   pydantic_core._pydantic_core.ValidationError: 2 validation errors for User
E   created_at
E     Field required [type=missing, input_value={'id': UUID('31455dc0-ff9...om', 'slack_id': 'U123'}, input_type=dict]
E       For further information visit https://errors.pydantic.dev/2.11/v/missing
E   updated_at
E     Field required [type=missing, input_value={'id': UUID('31455dc0-ff9...om', 'slack_id': 'U123'}, input_type=dict]
E       For further information visit https://errors.pydantic.dev/2.11/v/missing
---------------------------- Captured stderr setup -----------------------------
2025-09-05 12:00:32,033 - app.integrations.ai_integration_v2 - INFO - AIIntegrationV2 initialized. Model: gpt-5-2025-08-07
2025-09-05 12:00:32,036 - app.integrations.ai_integration_v2 - INFO - AIIntegrationV2 initialized. Model: gpt-5-2025-08-07
2025-09-05 12:00:32,039 - app.integrations.ai_integration_v2 - INFO - AIIntegrationV2 initialized. Model: gpt-5-2025-08-07
------------------------------ Captured log setup ------------------------------
INFO     app.integrations.ai_integration_v2:ai_integration_v2.py:36 AIIntegrationV2 initialized. Model: gpt-5-2025-08-07
INFO     app.integrations.ai_integration_v2:ai_integration_v2.py:36 AIIntegrationV2 initialized. Model: gpt-5-2025-08-07
INFO     app.integrations.ai_integration_v2:ai_integration_v2.py:36 AIIntegrationV2 initialized. Model: gpt-5-2025-08-07
____________ ERROR at setup of test_analyze_for_report_new_analysis ____________
tests/unit/services/test_daily_commit_analysis_service.py:86: in sample_daily_report
    return DailyReport(
E   pydantic_core._pydantic_core.ValidationError: 1 validation error for DailyReport
E   raw_text_input
E     Field required [type=missing, input_value={'id': UUID('935a2623-36f...etime.date(2025, 1, 15)}, input_type=dict]
E       For further information visit https://errors.pydantic.dev/2.11/v/missing
_________ ERROR at setup of test_analyze_for_report_existing_analysis __________
tests/unit/services/test_daily_commit_analysis_service.py:86: in sample_daily_report
    return DailyReport(
E   pydantic_core._pydantic_core.ValidationError: 1 validation error for DailyReport
E   raw_text_input
E     Field required [type=missing, input_value={'id': UUID('5b0f90f8-152...etime.date(2025, 1, 15)}, input_type=dict]
E       For further information visit https://errors.pydantic.dev/2.11/v/missing
_____________ ERROR at setup of test_analyze_for_report_no_commits _____________
tests/unit/services/test_daily_commit_analysis_service.py:86: in sample_daily_report
    return DailyReport(
E   pydantic_core._pydantic_core.ValidationError: 1 validation error for DailyReport
E   raw_text_input
E     Field required [type=missing, input_value={'id': UUID('bbe1849b-c3d...etime.date(2025, 1, 15)}, input_type=dict]
E       For further information visit https://errors.pydantic.dev/2.11/v/missing
_______________ ERROR at setup of test_prepare_analysis_context ________________
tests/unit/services/test_daily_commit_analysis_service.py:86: in sample_daily_report
    return DailyReport(
E   pydantic_core._pydantic_core.ValidationError: 1 validation error for DailyReport
E   raw_text_input
E     Field required [type=missing, input_value={'id': UUID('b0c3193b-222...etime.date(2025, 1, 15)}, input_type=dict]
E       For further information visit https://errors.pydantic.dev/2.11/v/missing
_ ERROR at setup of TestDeduplicationService.test_find_duplicates_high_confidence _
tests/unit/services/test_deduplication_service.py:54: in sample_commits
    Commit(
E   pydantic_core._pydantic_core.ValidationError: 1 validation error for Commit
E   commit_timestamp
E     Field required [type=missing, input_value={'id': UUID('027457f3-cad...tication', 'security']}}, input_type=dict]
E       For further information visit https://errors.pydantic.dev/2.11/v/missing
---------------------------- Captured stderr setup -----------------------------
2025-09-05 12:00:33,438 - app.integrations.ai_integration_v2 - INFO - AIIntegrationV2 initialized. Model: gpt-5-2025-08-07
------------------------------ Captured log setup ------------------------------
INFO     app.integrations.ai_integration_v2:ai_integration_v2.py:36 AIIntegrationV2 initialized. Model: gpt-5-2025-08-07
__ ERROR at setup of TestDeduplicationService.test_find_duplicates_no_matches __
tests/unit/services/test_deduplication_service.py:54: in sample_commits
    Commit(
E   pydantic_core._pydantic_core.ValidationError: 1 validation error for Commit
E   commit_timestamp
E     Field required [type=missing, input_value={'id': UUID('04247314-b45...tication', 'security']}}, input_type=dict]
E       For further information visit https://errors.pydantic.dev/2.11/v/missing
---------------------------- Captured stderr setup -----------------------------
2025-09-05 12:00:33,447 - app.integrations.ai_integration_v2 - INFO - AIIntegrationV2 initialized. Model: gpt-5-2025-08-07
------------------------------ Captured log setup ------------------------------
INFO     app.integrations.ai_integration_v2:ai_integration_v2.py:36 AIIntegrationV2 initialized. Model: gpt-5-2025-08-07
______ ERROR at setup of TestDeduplicationService.test_weekly_aggregation ______
tests/unit/services/test_deduplication_service.py:44: in sample_user
    return User(id=uuid4(), email="developer@test.com", name="Test Developer", role=UserRole.EMPLOYEE, is_active=True)
           ^^^^^^^^^^^^^^^^^^^^^^^^^^^^^^^^^^^^^^^^^^^^^^^^^^^^^^^^^^^^^^^^^^^^^^^^^^^^^^^^^^^^^^^^^^^^^^^^^^^^^^^^^^^
E   pydantic_core._pydantic_core.ValidationError: 2 validation errors for User
E   created_at
E     Field required [type=missing, input_value={'id': UUID('17d8df54-937...ee'>, 'is_active': True}, input_type=dict]
E       For further information visit https://errors.pydantic.dev/2.11/v/missing
E   updated_at
E     Field required [type=missing, input_value={'id': UUID('17d8df54-937...ee'>, 'is_active': True}, input_type=dict]
E       For further information visit https://errors.pydantic.dev/2.11/v/missing
---------------------------- Captured stderr setup -----------------------------
2025-09-05 12:00:33,470 - app.integrations.ai_integration_v2 - INFO - AIIntegrationV2 initialized. Model: gpt-5-2025-08-07
------------------------------ Captured log setup ------------------------------
INFO     app.integrations.ai_integration_v2:ai_integration_v2.py:36 AIIntegrationV2 initialized. Model: gpt-5-2025-08-07
_ ERROR at setup of TestDeduplicationService.test_ai_similarity_error_handling _
tests/unit/services/test_deduplication_service.py:54: in sample_commits
    Commit(
E   pydantic_core._pydantic_core.ValidationError: 1 validation error for Commit
E   commit_timestamp
E     Field required [type=missing, input_value={'id': UUID('34241204-8ba...tication', 'security']}}, input_type=dict]
E       For further information visit https://errors.pydantic.dev/2.11/v/missing
---------------------------- Captured stderr setup -----------------------------
2025-09-05 12:00:33,488 - app.integrations.ai_integration_v2 - INFO - AIIntegrationV2 initialized. Model: gpt-5-2025-08-07
------------------------------ Captured log setup ------------------------------
INFO     app.integrations.ai_integration_v2:ai_integration_v2.py:36 AIIntegrationV2 initialized. Model: gpt-5-2025-08-07
=================================== FAILURES ===================================
__________________ TestRequestMetrics.test_metrics_collection __________________
tests/unit/api/test_api_gateway.py:190: in test_metrics_collection
    assert len(captured_middleware) > 0
E   assert 0 > 0
E    +  where 0 = len([])
----------------------------- Captured stderr call -----------------------------
2025-09-05 12:00:31,044 - app.middleware.request_metrics - INFO - Request: GET /test - Status: 200 - Duration: 0.5000s
2025-09-05 12:00:31,045 - httpx - INFO - HTTP Request: GET http://testserver/test "HTTP/1.1 200 OK"
------------------------------ Captured log call -------------------------------
INFO     app.middleware.request_metrics:request_metrics.py:50 Request: GET /test - Status: 200 - Duration: 0.5000s
INFO     httpx:_client.py:1025 HTTP Request: GET http://testserver/test "HTTP/1.1 200 OK"
________________ test_login_returns_token_with_mocked_supabase _________________
tests/unit/api/test_auth_endpoints.py:29: in test_login_returns_token_with_mocked_supabase
    assert resp.status_code == 200
E   assert 401 == 200
E    +  where 401 = <Response [401 Unauthorized]>.status_code
---------------------------- Captured stderr setup -----------------------------
2025-09-05 12:00:31,097 - app.main - INFO - Supabase client initialized
------------------------------ Captured log setup ------------------------------
INFO     app.main:main.py:133 Supabase client initialized
----------------------------- Captured stderr call -----------------------------
2025-09-05 12:00:31,120 - app.api.auth_endpoints - INFO - Attempting login for email: EMAIL_REDACTED
2025-09-05 12:00:31,461 - httpx - INFO - HTTP Request: POST https://xfnxafbsmqowzvuwmhvi.supabase.co//auth/v1/token?grant_type=password "HTTP/2 400 Bad Request"
2025-09-05 12:00:31,462 - app.api.auth_endpoints - WARNING - Invalid login credentials for EMAIL_REDACTED: Invalid login credentials
2025-09-05 12:00:31,463 - app.core.error_handlers - ERROR - Application error: Incorrect email or password
Traceback (most recent call last):
  File "/Users/parkerbeard/golfdaddy-brain/backend/venv/lib/python3.13/site-packages/gotrue/_sync/gotrue_base_api.py", line 120, in _request
    response.raise_for_status()
    ~~~~~~~~~~~~~~~~~~~~~~~~~^^
  File "/Users/parkerbeard/golfdaddy-brain/backend/venv/lib/python3.13/site-packages/httpx/_models.py", line 829, in raise_for_status
    raise HTTPStatusError(message, request=request, response=self)
httpx.HTTPStatusError: Client error '400 Bad Request' for url 'https://xfnxafbsmqowzvuwmhvi.supabase.co//auth/v1/token?grant_type=password'
For more information check: https://developer.mozilla.org/en-US/docs/Web/HTTP/Status/400

During handling of the above exception, another exception occurred:

Traceback (most recent call last):
  File "/Users/parkerbeard/golfdaddy-brain/backend/app/api/auth_endpoints.py", line 47, in login_user
    response = supabase.auth.sign_in_with_password({"email": request.email, "password": request.password})
  File "/Users/parkerbeard/golfdaddy-brain/backend/venv/lib/python3.13/site-packages/gotrue/_sync/gotrue_client.py", line 271, in sign_in_with_password
    response = self._request(
        "POST",
    ...<12 lines>...
        xform=parse_auth_response,
    )
  File "/Users/parkerbeard/golfdaddy-brain/backend/venv/lib/python3.13/site-packages/gotrue/_sync/gotrue_base_api.py", line 125, in _request
    raise handle_exception(e)
gotrue.errors.AuthApiError: Invalid login credentials

During handling of the above exception, another exception occurred:

Traceback (most recent call last):
  File "/Users/parkerbeard/golfdaddy-brain/backend/venv/lib/python3.13/site-packages/starlette/_exception_handler.py", line 42, in wrapped_app
    await app(scope, receive, sender)
  File "/Users/parkerbeard/golfdaddy-brain/backend/venv/lib/python3.13/site-packages/starlette/routing.py", line 75, in app
    response = await f(request)
               ^^^^^^^^^^^^^^^^
  File "/Users/parkerbeard/golfdaddy-brain/backend/venv/lib/python3.13/site-packages/fastapi/routing.py", line 302, in app
    raw_response = await run_endpoint_function(
                   ^^^^^^^^^^^^^^^^^^^^^^^^^^^^
    ...<3 lines>...
    )
    ^
  File "/Users/parkerbeard/golfdaddy-brain/backend/venv/lib/python3.13/site-packages/fastapi/routing.py", line 213, in run_endpoint_function
    return await dependant.call(**values)
           ^^^^^^^^^^^^^^^^^^^^^^^^^^^^^^
  File "/Users/parkerbeard/golfdaddy-brain/backend/app/api/auth_endpoints.py", line 67, in login_user
    raise AuthenticationError(message="Incorrect email or password")
app.core.exceptions.AuthenticationError: Incorrect email or password
2025-09-05 12:00:31,467 - app.middleware.request_metrics - INFO - Request: POST /auth/login - Status: 401 - Duration: 0.3687s
2025-09-05 12:00:31,467 - httpx - INFO - HTTP Request: POST http://testserver/auth/login "HTTP/1.1 401 Unauthorized"
------------------------------ Captured log call -------------------------------
INFO     app.api.auth_endpoints:auth_endpoints.py:45 Attempting login for email: EMAIL_REDACTED
INFO     httpx:_client.py:1025 HTTP Request: POST https://xfnxafbsmqowzvuwmhvi.supabase.co//auth/v1/token?grant_type=password "HTTP/2 400 Bad Request"
WARNING  app.api.auth_endpoints:auth_endpoints.py:66 Invalid login credentials for EMAIL_REDACTED: Invalid login credentials
ERROR    app.core.error_handlers:error_handlers.py:14 Application error: Incorrect email or password
Traceback (most recent call last):
  File "/Users/parkerbeard/golfdaddy-brain/backend/venv/lib/python3.13/site-packages/gotrue/_sync/gotrue_base_api.py", line 120, in _request
    response.raise_for_status()
    ~~~~~~~~~~~~~~~~~~~~~~~~~^^
  File "/Users/parkerbeard/golfdaddy-brain/backend/venv/lib/python3.13/site-packages/httpx/_models.py", line 829, in raise_for_status
    raise HTTPStatusError(message, request=request, response=self)
httpx.HTTPStatusError: Client error '400 Bad Request' for url 'https://xfnxafbsmqowzvuwmhvi.supabase.co//auth/v1/token?grant_type=password'
For more information check: https://developer.mozilla.org/en-US/docs/Web/HTTP/Status/400

During handling of the above exception, another exception occurred:

Traceback (most recent call last):
  File "/Users/parkerbeard/golfdaddy-brain/backend/app/api/auth_endpoints.py", line 47, in login_user
    response = supabase.auth.sign_in_with_password({"email": request.email, "password": request.password})
  File "/Users/parkerbeard/golfdaddy-brain/backend/venv/lib/python3.13/site-packages/gotrue/_sync/gotrue_client.py", line 271, in sign_in_with_password
    response = self._request(
        "POST",
    ...<12 lines>...
        xform=parse_auth_response,
    )
  File "/Users/parkerbeard/golfdaddy-brain/backend/venv/lib/python3.13/site-packages/gotrue/_sync/gotrue_base_api.py", line 125, in _request
    raise handle_exception(e)
gotrue.errors.AuthApiError: Invalid login credentials

During handling of the above exception, another exception occurred:

Traceback (most recent call last):
  File "/Users/parkerbeard/golfdaddy-brain/backend/venv/lib/python3.13/site-packages/starlette/_exception_handler.py", line 42, in wrapped_app
    await app(scope, receive, sender)
  File "/Users/parkerbeard/golfdaddy-brain/backend/venv/lib/python3.13/site-packages/starlette/routing.py", line 75, in app
    response = await f(request)
               ^^^^^^^^^^^^^^^^
  File "/Users/parkerbeard/golfdaddy-brain/backend/venv/lib/python3.13/site-packages/fastapi/routing.py", line 302, in app
    raw_response = await run_endpoint_function(
                   ^^^^^^^^^^^^^^^^^^^^^^^^^^^^
    ...<3 lines>...
    )
    ^
  File "/Users/parkerbeard/golfdaddy-brain/backend/venv/lib/python3.13/site-packages/fastapi/routing.py", line 213, in run_endpoint_function
    return await dependant.call(**values)
           ^^^^^^^^^^^^^^^^^^^^^^^^^^^^^^
  File "/Users/parkerbeard/golfdaddy-brain/backend/app/api/auth_endpoints.py", line 67, in login_user
    raise AuthenticationError(message="Incorrect email or password")
app.core.exceptions.AuthenticationError: Incorrect email or password
INFO     app.middleware.request_metrics:request_metrics.py:50 Request: POST /auth/login - Status: 401 - Duration: 0.3687s
INFO     httpx:_client.py:1025 HTTP Request: POST http://testserver/auth/login "HTTP/1.1 401 Unauthorized"
________ TestBasicAuth.test_api_endpoint_requires_api_key_when_enabled _________
tests/unit/api/test_basic_auth.py:43: in test_api_endpoint_requires_api_key_when_enabled
    assert response.status_code == 401
E   assert 422 == 401
E    +  where 422 = <Response [422 Unprocessable Entity]>.status_code
----------------------------- Captured stderr call -----------------------------
2025-09-05 12:00:31,489 - app.core.error_handlers - ERROR - Validation error: [{'type': 'missing', 'loc': ('header', 'authorization'), 'msg': 'Field required', 'input': None}]
Traceback (most recent call last):
  File "/Users/parkerbeard/golfdaddy-brain/backend/venv/lib/python3.13/site-packages/starlette/_exception_handler.py", line 42, in wrapped_app
    await app(scope, receive, sender)
  File "/Users/parkerbeard/golfdaddy-brain/backend/venv/lib/python3.13/site-packages/starlette/routing.py", line 75, in app
    response = await f(request)
               ^^^^^^^^^^^^^^^^
  File "/Users/parkerbeard/golfdaddy-brain/backend/venv/lib/python3.13/site-packages/fastapi/routing.py", line 347, in app
    raise validation_error
fastapi.exceptions.RequestValidationError: [{'type': 'missing', 'loc': ('header', 'authorization'), 'msg': 'Field required', 'input': None}]
2025-09-05 12:00:31,492 - app.middleware.request_metrics - INFO - Request: GET /api/v1/users - Status: 422 - Duration: 0.0034s
2025-09-05 12:00:31,493 - httpx - INFO - HTTP Request: GET http://testserver/api/v1/users "HTTP/1.1 422 Unprocessable Entity"
------------------------------ Captured log call -------------------------------
ERROR    app.core.error_handlers:error_handlers.py:40 Validation error: [{'type': 'missing', 'loc': ('header', 'authorization'), 'msg': 'Field required', 'input': None}]
Traceback (most recent call last):
  File "/Users/parkerbeard/golfdaddy-brain/backend/venv/lib/python3.13/site-packages/starlette/_exception_handler.py", line 42, in wrapped_app
    await app(scope, receive, sender)
  File "/Users/parkerbeard/golfdaddy-brain/backend/venv/lib/python3.13/site-packages/starlette/routing.py", line 75, in app
    response = await f(request)
               ^^^^^^^^^^^^^^^^
  File "/Users/parkerbeard/golfdaddy-brain/backend/venv/lib/python3.13/site-packages/fastapi/routing.py", line 347, in app
    raise validation_error
fastapi.exceptions.RequestValidationError: [{'type': 'missing', 'loc': ('header', 'authorization'), 'msg': 'Field required', 'input': None}]
INFO     app.middleware.request_metrics:request_metrics.py:50 Request: GET /api/v1/users - Status: 422 - Duration: 0.0034s
INFO     httpx:_client.py:1025 HTTP Request: GET http://testserver/api/v1/users "HTTP/1.1 422 Unprocessable Entity"
________________________ test_submit_eod_report_success ________________________
tests/unit/api/test_daily_report_endpoints.py:72: in test_submit_eod_report_success
    response = await async_client.post(f"{BASE_URL}/", json=report_create_data)
               ^^^^^^^^^^^^^^^^^^^^^^^^^^^^^^^^^^^^^^^^^^^^^^^^^^^^^^^^^^^^^^^^
E   TypeError: object Response can't be used in 'await' expression
---------------------------- Captured stderr setup -----------------------------
2025-09-05 12:00:31,537 - app.main - INFO - Supabase client initialized
------------------------------ Captured log setup ------------------------------
INFO     app.main:main.py:133 Supabase client initialized
----------------------------- Captured stderr call -----------------------------
2025-09-05 12:00:31,538 - app.core.error_handlers - ERROR - HTTP error: Not Found
Traceback (most recent call last):
  File "/Users/parkerbeard/golfdaddy-brain/backend/venv/lib/python3.13/site-packages/starlette/_exception_handler.py", line 42, in wrapped_app
    await app(scope, receive, sender)
  File "/Users/parkerbeard/golfdaddy-brain/backend/venv/lib/python3.13/site-packages/starlette/routing.py", line 716, in __call__
    await self.middleware_stack(scope, receive, send)
  File "/Users/parkerbeard/golfdaddy-brain/backend/venv/lib/python3.13/site-packages/starlette/routing.py", line 766, in app
    await self.default(scope, receive, send)
  File "/Users/parkerbeard/golfdaddy-brain/backend/venv/lib/python3.13/site-packages/starlette/routing.py", line 652, in not_found
    raise HTTPException(status_code=404)
starlette.exceptions.HTTPException: 404: Not Found
2025-09-05 12:00:31,542 - app.middleware.request_metrics - INFO - Request: POST /reports/daily/ - Status: 404 - Duration: 0.0048s
2025-09-05 12:00:31,543 - httpx - INFO - HTTP Request: POST http://testserver/reports/daily/ "HTTP/1.1 404 Not Found"
------------------------------ Captured log call -------------------------------
ERROR    app.core.error_handlers:error_handlers.py:27 HTTP error: Not Found
Traceback (most recent call last):
  File "/Users/parkerbeard/golfdaddy-brain/backend/venv/lib/python3.13/site-packages/starlette/_exception_handler.py", line 42, in wrapped_app
    await app(scope, receive, sender)
  File "/Users/parkerbeard/golfdaddy-brain/backend/venv/lib/python3.13/site-packages/starlette/routing.py", line 716, in __call__
    await self.middleware_stack(scope, receive, send)
  File "/Users/parkerbeard/golfdaddy-brain/backend/venv/lib/python3.13/site-packages/starlette/routing.py", line 766, in app
    await self.default(scope, receive, send)
  File "/Users/parkerbeard/golfdaddy-brain/backend/venv/lib/python3.13/site-packages/starlette/routing.py", line 652, in not_found
    raise HTTPException(status_code=404)
starlette.exceptions.HTTPException: 404: Not Found
INFO     app.middleware.request_metrics:request_metrics.py:50 Request: POST /reports/daily/ - Status: 404 - Duration: 0.0048s
INFO     httpx:_client.py:1025 HTTP Request: POST http://testserver/reports/daily/ "HTTP/1.1 404 Not Found"
___________________ test_submit_eod_report_service_exception ___________________
tests/unit/api/test_daily_report_endpoints.py:91: in test_submit_eod_report_service_exception
    response = await async_client.post(f"{BASE_URL}/", json=report_create_data)
               ^^^^^^^^^^^^^^^^^^^^^^^^^^^^^^^^^^^^^^^^^^^^^^^^^^^^^^^^^^^^^^^^
E   TypeError: object Response can't be used in 'await' expression
---------------------------- Captured stderr setup -----------------------------
2025-09-05 12:00:31,547 - app.main - INFO - Supabase client initialized
------------------------------ Captured log setup ------------------------------
INFO     app.main:main.py:133 Supabase client initialized
----------------------------- Captured stderr call -----------------------------
2025-09-05 12:00:31,547 - app.core.error_handlers - ERROR - HTTP error: Not Found
Traceback (most recent call last):
  File "/Users/parkerbeard/golfdaddy-brain/backend/venv/lib/python3.13/site-packages/starlette/_exception_handler.py", line 42, in wrapped_app
    await app(scope, receive, sender)
  File "/Users/parkerbeard/golfdaddy-brain/backend/venv/lib/python3.13/site-packages/starlette/routing.py", line 716, in __call__
    await self.middleware_stack(scope, receive, send)
  File "/Users/parkerbeard/golfdaddy-brain/backend/venv/lib/python3.13/site-packages/starlette/routing.py", line 766, in app
    await self.default(scope, receive, send)
  File "/Users/parkerbeard/golfdaddy-brain/backend/venv/lib/python3.13/site-packages/starlette/routing.py", line 652, in not_found
    raise HTTPException(status_code=404)
starlette.exceptions.HTTPException: 404: Not Found
2025-09-05 12:00:31,552 - app.middleware.request_metrics - INFO - Request: POST /reports/daily/ - Status: 404 - Duration: 0.0046s
2025-09-05 12:00:31,552 - httpx - INFO - HTTP Request: POST http://testserver/reports/daily/ "HTTP/1.1 404 Not Found"
------------------------------ Captured log call -------------------------------
ERROR    app.core.error_handlers:error_handlers.py:27 HTTP error: Not Found
Traceback (most recent call last):
  File "/Users/parkerbeard/golfdaddy-brain/backend/venv/lib/python3.13/site-packages/starlette/_exception_handler.py", line 42, in wrapped_app
    await app(scope, receive, sender)
  File "/Users/parkerbeard/golfdaddy-brain/backend/venv/lib/python3.13/site-packages/starlette/routing.py", line 716, in __call__
    await self.middleware_stack(scope, receive, send)
  File "/Users/parkerbeard/golfdaddy-brain/backend/venv/lib/python3.13/site-packages/starlette/routing.py", line 766, in app
    await self.default(scope, receive, send)
  File "/Users/parkerbeard/golfdaddy-brain/backend/venv/lib/python3.13/site-packages/starlette/routing.py", line 652, in not_found
    raise HTTPException(status_code=404)
starlette.exceptions.HTTPException: 404: Not Found
INFO     app.middleware.request_metrics:request_metrics.py:50 Request: POST /reports/daily/ - Status: 404 - Duration: 0.0046s
INFO     httpx:_client.py:1025 HTTP Request: POST http://testserver/reports/daily/ "HTTP/1.1 404 Not Found"
___________________ test_submit_eod_report_validation_error ____________________
tests/unit/api/test_daily_report_endpoints.py:100: in test_submit_eod_report_validation_error
    response = await async_client.post(f"{BASE_URL}/", json=invalid_payload)
               ^^^^^^^^^^^^^^^^^^^^^^^^^^^^^^^^^^^^^^^^^^^^^^^^^^^^^^^^^^^^^
E   TypeError: object Response can't be used in 'await' expression
---------------------------- Captured stderr setup -----------------------------
2025-09-05 12:00:31,555 - app.main - INFO - Supabase client initialized
------------------------------ Captured log setup ------------------------------
INFO     app.main:main.py:133 Supabase client initialized
----------------------------- Captured stderr call -----------------------------
2025-09-05 12:00:31,556 - app.core.error_handlers - ERROR - HTTP error: Not Found
Traceback (most recent call last):
  File "/Users/parkerbeard/golfdaddy-brain/backend/venv/lib/python3.13/site-packages/starlette/_exception_handler.py", line 42, in wrapped_app
    await app(scope, receive, sender)
  File "/Users/parkerbeard/golfdaddy-brain/backend/venv/lib/python3.13/site-packages/starlette/routing.py", line 716, in __call__
    await self.middleware_stack(scope, receive, send)
  File "/Users/parkerbeard/golfdaddy-brain/backend/venv/lib/python3.13/site-packages/starlette/routing.py", line 766, in app
    await self.default(scope, receive, send)
  File "/Users/parkerbeard/golfdaddy-brain/backend/venv/lib/python3.13/site-packages/starlette/routing.py", line 652, in not_found
    raise HTTPException(status_code=404)
starlette.exceptions.HTTPException: 404: Not Found
2025-09-05 12:00:31,560 - app.middleware.request_metrics - INFO - Request: POST /reports/daily/ - Status: 404 - Duration: 0.0044s
2025-09-05 12:00:31,561 - httpx - INFO - HTTP Request: POST http://testserver/reports/daily/ "HTTP/1.1 404 Not Found"
------------------------------ Captured log call -------------------------------
ERROR    app.core.error_handlers:error_handlers.py:27 HTTP error: Not Found
Traceback (most recent call last):
  File "/Users/parkerbeard/golfdaddy-brain/backend/venv/lib/python3.13/site-packages/starlette/_exception_handler.py", line 42, in wrapped_app
    await app(scope, receive, sender)
  File "/Users/parkerbeard/golfdaddy-brain/backend/venv/lib/python3.13/site-packages/starlette/routing.py", line 716, in __call__
    await self.middleware_stack(scope, receive, send)
  File "/Users/parkerbeard/golfdaddy-brain/backend/venv/lib/python3.13/site-packages/starlette/routing.py", line 766, in app
    await self.default(scope, receive, send)
  File "/Users/parkerbeard/golfdaddy-brain/backend/venv/lib/python3.13/site-packages/starlette/routing.py", line 652, in not_found
    raise HTTPException(status_code=404)
starlette.exceptions.HTTPException: 404: Not Found
INFO     app.middleware.request_metrics:request_metrics.py:50 Request: POST /reports/daily/ - Status: 404 - Duration: 0.0044s
INFO     httpx:_client.py:1025 HTTP Request: POST http://testserver/reports/daily/ "HTTP/1.1 404 Not Found"
______________________ test_get_my_daily_reports_success _______________________
tests/unit/api/test_daily_report_endpoints.py:133: in test_get_my_daily_reports_success
    response = await async_client.get(f"{BASE_URL}/me")
               ^^^^^^^^^^^^^^^^^^^^^^^^^^^^^^^^^^^^^^^^
E   TypeError: object Response can't be used in 'await' expression
---------------------------- Captured stderr setup -----------------------------
2025-09-05 12:00:31,564 - app.main - INFO - Supabase client initialized
------------------------------ Captured log setup ------------------------------
INFO     app.main:main.py:133 Supabase client initialized
----------------------------- Captured stderr call -----------------------------
2025-09-05 12:00:31,564 - app.core.error_handlers - ERROR - HTTP error: Not Found
Traceback (most recent call last):
  File "/Users/parkerbeard/golfdaddy-brain/backend/venv/lib/python3.13/site-packages/starlette/_exception_handler.py", line 42, in wrapped_app
    await app(scope, receive, sender)
  File "/Users/parkerbeard/golfdaddy-brain/backend/venv/lib/python3.13/site-packages/starlette/routing.py", line 716, in __call__
    await self.middleware_stack(scope, receive, send)
  File "/Users/parkerbeard/golfdaddy-brain/backend/venv/lib/python3.13/site-packages/starlette/routing.py", line 766, in app
    await self.default(scope, receive, send)
  File "/Users/parkerbeard/golfdaddy-brain/backend/venv/lib/python3.13/site-packages/starlette/routing.py", line 652, in not_found
    raise HTTPException(status_code=404)
starlette.exceptions.HTTPException: 404: Not Found
2025-09-05 12:00:31,569 - app.middleware.request_metrics - INFO - Request: GET /reports/daily/me - Status: 404 - Duration: 0.0042s
2025-09-05 12:00:31,569 - httpx - INFO - HTTP Request: GET http://testserver/reports/daily/me "HTTP/1.1 404 Not Found"
------------------------------ Captured log call -------------------------------
ERROR    app.core.error_handlers:error_handlers.py:27 HTTP error: Not Found
Traceback (most recent call last):
  File "/Users/parkerbeard/golfdaddy-brain/backend/venv/lib/python3.13/site-packages/starlette/_exception_handler.py", line 42, in wrapped_app
    await app(scope, receive, sender)
  File "/Users/parkerbeard/golfdaddy-brain/backend/venv/lib/python3.13/site-packages/starlette/routing.py", line 716, in __call__
    await self.middleware_stack(scope, receive, send)
  File "/Users/parkerbeard/golfdaddy-brain/backend/venv/lib/python3.13/site-packages/starlette/routing.py", line 766, in app
    await self.default(scope, receive, send)
  File "/Users/parkerbeard/golfdaddy-brain/backend/venv/lib/python3.13/site-packages/starlette/routing.py", line 652, in not_found
    raise HTTPException(status_code=404)
starlette.exceptions.HTTPException: 404: Not Found
INFO     app.middleware.request_metrics:request_metrics.py:50 Request: GET /reports/daily/me - Status: 404 - Duration: 0.0042s
INFO     httpx:_client.py:1025 HTTP Request: GET http://testserver/reports/daily/me "HTTP/1.1 404 Not Found"
__________________ test_get_my_daily_report_for_date_success ___________________
tests/unit/api/test_daily_report_endpoints.py:159: in test_get_my_daily_report_for_date_success
    response = await async_client.get(f"{BASE_URL}/me/{report_date_str}")
               ^^^^^^^^^^^^^^^^^^^^^^^^^^^^^^^^^^^^^^^^^^^^^^^^^^^^^^^^^^
E   TypeError: object Response can't be used in 'await' expression
---------------------------- Captured stderr setup -----------------------------
2025-09-05 12:00:31,574 - app.main - INFO - Supabase client initialized
------------------------------ Captured log setup ------------------------------
INFO     app.main:main.py:133 Supabase client initialized
----------------------------- Captured stderr call -----------------------------
2025-09-05 12:00:31,574 - app.core.error_handlers - ERROR - HTTP error: Not Found
Traceback (most recent call last):
  File "/Users/parkerbeard/golfdaddy-brain/backend/venv/lib/python3.13/site-packages/starlette/_exception_handler.py", line 42, in wrapped_app
    await app(scope, receive, sender)
  File "/Users/parkerbeard/golfdaddy-brain/backend/venv/lib/python3.13/site-packages/starlette/routing.py", line 716, in __call__
    await self.middleware_stack(scope, receive, send)
  File "/Users/parkerbeard/golfdaddy-brain/backend/venv/lib/python3.13/site-packages/starlette/routing.py", line 766, in app
    await self.default(scope, receive, send)
  File "/Users/parkerbeard/golfdaddy-brain/backend/venv/lib/python3.13/site-packages/starlette/routing.py", line 652, in not_found
    raise HTTPException(status_code=404)
starlette.exceptions.HTTPException: 404: Not Found
2025-09-05 12:00:31,579 - app.middleware.request_metrics - INFO - Request: GET /reports/daily/me/2023-10-26 - Status: 404 - Duration: 0.0043s
2025-09-05 12:00:31,579 - httpx - INFO - HTTP Request: GET http://testserver/reports/daily/me/2023-10-26 "HTTP/1.1 404 Not Found"
------------------------------ Captured log call -------------------------------
ERROR    app.core.error_handlers:error_handlers.py:27 HTTP error: Not Found
Traceback (most recent call last):
  File "/Users/parkerbeard/golfdaddy-brain/backend/venv/lib/python3.13/site-packages/starlette/_exception_handler.py", line 42, in wrapped_app
    await app(scope, receive, sender)
  File "/Users/parkerbeard/golfdaddy-brain/backend/venv/lib/python3.13/site-packages/starlette/routing.py", line 716, in __call__
    await self.middleware_stack(scope, receive, send)
  File "/Users/parkerbeard/golfdaddy-brain/backend/venv/lib/python3.13/site-packages/starlette/routing.py", line 766, in app
    await self.default(scope, receive, send)
  File "/Users/parkerbeard/golfdaddy-brain/backend/venv/lib/python3.13/site-packages/starlette/routing.py", line 652, in not_found
    raise HTTPException(status_code=404)
starlette.exceptions.HTTPException: 404: Not Found
INFO     app.middleware.request_metrics:request_metrics.py:50 Request: GET /reports/daily/me/2023-10-26 - Status: 404 - Duration: 0.0043s
INFO     httpx:_client.py:1025 HTTP Request: GET http://testserver/reports/daily/me/2023-10-26 "HTTP/1.1 404 Not Found"
_________________ test_get_my_daily_report_for_date_not_found __________________
tests/unit/api/test_daily_report_endpoints.py:173: in test_get_my_daily_report_for_date_not_found
    response = await async_client.get(f"{BASE_URL}/me/{report_date_str}")
               ^^^^^^^^^^^^^^^^^^^^^^^^^^^^^^^^^^^^^^^^^^^^^^^^^^^^^^^^^^
E   TypeError: object Response can't be used in 'await' expression
---------------------------- Captured stderr setup -----------------------------
2025-09-05 12:00:31,582 - app.main - INFO - Supabase client initialized
------------------------------ Captured log setup ------------------------------
INFO     app.main:main.py:133 Supabase client initialized
----------------------------- Captured stderr call -----------------------------
2025-09-05 12:00:31,583 - app.core.error_handlers - ERROR - HTTP error: Not Found
Traceback (most recent call last):
  File "/Users/parkerbeard/golfdaddy-brain/backend/venv/lib/python3.13/site-packages/starlette/_exception_handler.py", line 42, in wrapped_app
    await app(scope, receive, sender)
  File "/Users/parkerbeard/golfdaddy-brain/backend/venv/lib/python3.13/site-packages/starlette/routing.py", line 716, in __call__
    await self.middleware_stack(scope, receive, send)
  File "/Users/parkerbeard/golfdaddy-brain/backend/venv/lib/python3.13/site-packages/starlette/routing.py", line 766, in app
    await self.default(scope, receive, send)
  File "/Users/parkerbeard/golfdaddy-brain/backend/venv/lib/python3.13/site-packages/starlette/routing.py", line 652, in not_found
    raise HTTPException(status_code=404)
starlette.exceptions.HTTPException: 404: Not Found
2025-09-05 12:00:31,587 - app.middleware.request_metrics - INFO - Request: GET /reports/daily/me/2023-10-27 - Status: 404 - Duration: 0.0042s
2025-09-05 12:00:31,587 - httpx - INFO - HTTP Request: GET http://testserver/reports/daily/me/2023-10-27 "HTTP/1.1 404 Not Found"
------------------------------ Captured log call -------------------------------
ERROR    app.core.error_handlers:error_handlers.py:27 HTTP error: Not Found
Traceback (most recent call last):
  File "/Users/parkerbeard/golfdaddy-brain/backend/venv/lib/python3.13/site-packages/starlette/_exception_handler.py", line 42, in wrapped_app
    await app(scope, receive, sender)
  File "/Users/parkerbeard/golfdaddy-brain/backend/venv/lib/python3.13/site-packages/starlette/routing.py", line 716, in __call__
    await self.middleware_stack(scope, receive, send)
  File "/Users/parkerbeard/golfdaddy-brain/backend/venv/lib/python3.13/site-packages/starlette/routing.py", line 766, in app
    await self.default(scope, receive, send)
  File "/Users/parkerbeard/golfdaddy-brain/backend/venv/lib/python3.13/site-packages/starlette/routing.py", line 652, in not_found
    raise HTTPException(status_code=404)
starlette.exceptions.HTTPException: 404: Not Found
INFO     app.middleware.request_metrics:request_metrics.py:50 Request: GET /reports/daily/me/2023-10-27 - Status: 404 - Duration: 0.0042s
INFO     httpx:_client.py:1025 HTTP Request: GET http://testserver/reports/daily/me/2023-10-27 "HTTP/1.1 404 Not Found"
_______________ test_get_my_daily_report_for_date_invalid_format _______________
tests/unit/api/test_daily_report_endpoints.py:182: in test_get_my_daily_report_for_date_invalid_format
    response = await async_client.get(f"{BASE_URL}/me/invalid-date")
               ^^^^^^^^^^^^^^^^^^^^^^^^^^^^^^^^^^^^^^^^^^^^^^^^^^^^^
E   TypeError: object Response can't be used in 'await' expression
---------------------------- Captured stderr setup -----------------------------
2025-09-05 12:00:31,590 - app.main - INFO - Supabase client initialized
------------------------------ Captured log setup ------------------------------
INFO     app.main:main.py:133 Supabase client initialized
----------------------------- Captured stderr call -----------------------------
2025-09-05 12:00:31,591 - app.core.error_handlers - ERROR - HTTP error: Not Found
Traceback (most recent call last):
  File "/Users/parkerbeard/golfdaddy-brain/backend/venv/lib/python3.13/site-packages/starlette/_exception_handler.py", line 42, in wrapped_app
    await app(scope, receive, sender)
  File "/Users/parkerbeard/golfdaddy-brain/backend/venv/lib/python3.13/site-packages/starlette/routing.py", line 716, in __call__
    await self.middleware_stack(scope, receive, send)
  File "/Users/parkerbeard/golfdaddy-brain/backend/venv/lib/python3.13/site-packages/starlette/routing.py", line 766, in app
    await self.default(scope, receive, send)
  File "/Users/parkerbeard/golfdaddy-brain/backend/venv/lib/python3.13/site-packages/starlette/routing.py", line 652, in not_found
    raise HTTPException(status_code=404)
starlette.exceptions.HTTPException: 404: Not Found
2025-09-05 12:00:31,595 - app.middleware.request_metrics - INFO - Request: GET /reports/daily/me/invalid-date - Status: 404 - Duration: 0.0041s
2025-09-05 12:00:31,595 - httpx - INFO - HTTP Request: GET http://testserver/reports/daily/me/invalid-date "HTTP/1.1 404 Not Found"
------------------------------ Captured log call -------------------------------
ERROR    app.core.error_handlers:error_handlers.py:27 HTTP error: Not Found
Traceback (most recent call last):
  File "/Users/parkerbeard/golfdaddy-brain/backend/venv/lib/python3.13/site-packages/starlette/_exception_handler.py", line 42, in wrapped_app
    await app(scope, receive, sender)
  File "/Users/parkerbeard/golfdaddy-brain/backend/venv/lib/python3.13/site-packages/starlette/routing.py", line 716, in __call__
    await self.middleware_stack(scope, receive, send)
  File "/Users/parkerbeard/golfdaddy-brain/backend/venv/lib/python3.13/site-packages/starlette/routing.py", line 766, in app
    await self.default(scope, receive, send)
  File "/Users/parkerbeard/golfdaddy-brain/backend/venv/lib/python3.13/site-packages/starlette/routing.py", line 652, in not_found
    raise HTTPException(status_code=404)
starlette.exceptions.HTTPException: 404: Not Found
INFO     app.middleware.request_metrics:request_metrics.py:50 Request: GET /reports/daily/me/invalid-date - Status: 404 - Duration: 0.0041s
INFO     httpx:_client.py:1025 HTTP Request: GET http://testserver/reports/daily/me/invalid-date "HTTP/1.1 404 Not Found"
_____________________ test_get_daily_report_by_id_success ______________________
tests/unit/api/test_daily_report_endpoints.py:200: in test_get_daily_report_by_id_success
    response = await async_client.get(f"{BASE_URL}/{report_id}")
               ^^^^^^^^^^^^^^^^^^^^^^^^^^^^^^^^^^^^^^^^^^^^^^^^^
E   TypeError: object Response can't be used in 'await' expression
---------------------------- Captured stderr setup -----------------------------
2025-09-05 12:00:31,598 - app.main - INFO - Supabase client initialized
------------------------------ Captured log setup ------------------------------
INFO     app.main:main.py:133 Supabase client initialized
----------------------------- Captured stderr call -----------------------------
2025-09-05 12:00:31,599 - app.core.error_handlers - ERROR - HTTP error: Not Found
Traceback (most recent call last):
  File "/Users/parkerbeard/golfdaddy-brain/backend/venv/lib/python3.13/site-packages/starlette/_exception_handler.py", line 42, in wrapped_app
    await app(scope, receive, sender)
  File "/Users/parkerbeard/golfdaddy-brain/backend/venv/lib/python3.13/site-packages/starlette/routing.py", line 716, in __call__
    await self.middleware_stack(scope, receive, send)
  File "/Users/parkerbeard/golfdaddy-brain/backend/venv/lib/python3.13/site-packages/starlette/routing.py", line 766, in app
    await self.default(scope, receive, send)
  File "/Users/parkerbeard/golfdaddy-brain/backend/venv/lib/python3.13/site-packages/starlette/routing.py", line 652, in not_found
    raise HTTPException(status_code=404)
starlette.exceptions.HTTPException: 404: Not Found
2025-09-05 12:00:31,603 - app.middleware.request_metrics - INFO - Request: GET /reports/daily/UUID_REDACTED - Status: 404 - Duration: 0.0042s
2025-09-05 12:00:31,603 - httpx - INFO - HTTP Request: GET http://testserver/reports/daily/UUID_REDACTED "HTTP/1.1 404 Not Found"
------------------------------ Captured log call -------------------------------
ERROR    app.core.error_handlers:error_handlers.py:27 HTTP error: Not Found
Traceback (most recent call last):
  File "/Users/parkerbeard/golfdaddy-brain/backend/venv/lib/python3.13/site-packages/starlette/_exception_handler.py", line 42, in wrapped_app
    await app(scope, receive, sender)
  File "/Users/parkerbeard/golfdaddy-brain/backend/venv/lib/python3.13/site-packages/starlette/routing.py", line 716, in __call__
    await self.middleware_stack(scope, receive, send)
  File "/Users/parkerbeard/golfdaddy-brain/backend/venv/lib/python3.13/site-packages/starlette/routing.py", line 766, in app
    await self.default(scope, receive, send)
  File "/Users/parkerbeard/golfdaddy-brain/backend/venv/lib/python3.13/site-packages/starlette/routing.py", line 652, in not_found
    raise HTTPException(status_code=404)
starlette.exceptions.HTTPException: 404: Not Found
INFO     app.middleware.request_metrics:request_metrics.py:50 Request: GET /reports/daily/UUID_REDACTED - Status: 404 - Duration: 0.0042s
INFO     httpx:_client.py:1025 HTTP Request: GET http://testserver/reports/daily/UUID_REDACTED "HTTP/1.1 404 Not Found"
____________________ test_get_daily_report_by_id_not_found _____________________
tests/unit/api/test_daily_report_endpoints.py:211: in test_get_daily_report_by_id_not_found
    response = await async_client.get(f"{BASE_URL}/{report_id}")
               ^^^^^^^^^^^^^^^^^^^^^^^^^^^^^^^^^^^^^^^^^^^^^^^^^
E   TypeError: object Response can't be used in 'await' expression
---------------------------- Captured stderr setup -----------------------------
2025-09-05 12:00:31,606 - app.main - INFO - Supabase client initialized
------------------------------ Captured log setup ------------------------------
INFO     app.main:main.py:133 Supabase client initialized
----------------------------- Captured stderr call -----------------------------
[...]
FAILED tests/unit/repositories/test_commit_repository.py::test_get_commits_with_analysis_with_decimal_conversion - app.core.exceptions.DatabaseError: Error fetching commits with analysis: <MagicMock name='to_thread().error.message' id='4726389600'>
FAILED tests/unit/repositories/test_commit_repository.py::test_convert_commit_to_analysis_from_seeder - ModuleNotFoundError: No module named 'backend'
FAILED tests/unit/repositories/test_commit_repository.py::test_convert_commit_to_analysis_malformed_json - ModuleNotFoundError: No module named 'backend'
FAILED tests/unit/repositories/test_daily_report_repository.py::test_get_daily_report_by_id - app.core.exceptions.DatabaseError: Unexpected error getting daily report by ID c0237496-d050-4dd2-98fa-11531ee599b3: 2 validation errors for DailyReport
user_id
  Field required [type=missing, input_value={}, input_type=dict]
    For further information visit https://errors.pydantic.dev/2.11/v/missing
raw_text_input
  Field required [type=missing, input_value={}, input_type=dict]
    For further information visit https://errors.pydantic.dev/2.11/v/missing
FAILED tests/unit/repositories/test_daily_report_repository.py::test_get_daily_report_by_id_not_found - app.core.exceptions.DatabaseError: Unexpected error getting daily report by ID 39818939-da6d-4032-8534-53aa672d2d71: 2 validation errors for DailyReport
user_id
  Field required [type=missing, input_value={}, input_type=dict]
    For further information visit https://errors.pydantic.dev/2.11/v/missing
raw_text_input
  Field required [type=missing, input_value={}, input_type=dict]
    For further information visit https://errors.pydantic.dev/2.11/v/missing
FAILED tests/unit/repositories/test_daily_report_repository.py::test_get_daily_reports_by_user_id - app.core.exceptions.DatabaseError: Failed to create daily report: <MagicMock name='mock.execute().error.message' id='4723105072'>
FAILED tests/unit/repositories/test_daily_report_repository.py::test_get_daily_reports_by_user_and_date - ImportError: cannot import name '_daily_reports_db' from 'app.repositories.daily_report_repository' (/Users/parkerbeard/golfdaddy-brain/backend/app/repositories/daily_report_repository.py)
FAILED tests/unit/repositories/test_daily_report_repository.py::test_update_daily_report - app.core.exceptions.DatabaseError: Failed to create daily report: <MagicMock name='mock.execute().error.message' id='4750467024'>
FAILED tests/unit/repositories/test_daily_report_repository.py::test_update_daily_report_partial - app.core.exceptions.DatabaseError: Failed to create daily report: <MagicMock name='mock.execute().error.message' id='4750473744'>
FAILED tests/unit/repositories/test_daily_report_repository.py::test_update_daily_report_not_found - app.core.exceptions.DatabaseError: Unexpected error updating daily report b4823841-86d7-43c2-8065-739e8d2f4d9d: 2 validation errors for DailyReport
user_id
  Field required [type=missing, input_value={}, input_type=dict]
    For further information visit https://errors.pydantic.dev/2.11/v/missing
raw_text_input
  Field required [type=missing, input_value={}, input_type=dict]
    For further information visit https://errors.pydantic.dev/2.11/v/missing
FAILED tests/unit/repositories/test_daily_report_repository.py::test_delete_daily_report - app.core.exceptions.DatabaseError: Failed to create daily report: <MagicMock name='mock.execute().error.message' id='4725513184'>
FAILED tests/unit/repositories/test_daily_report_repository.py::test_delete_daily_report_not_found - app.core.exceptions.DatabaseError: Unexpected error getting daily report by ID 003f1fd7-08e5-48a2-80bb-0c9394383b82: 2 validation errors for DailyReport
user_id
  Field required [type=missing, input_value={}, input_type=dict]
    For further information visit https://errors.pydantic.dev/2.11/v/missing
raw_text_input
  Field required [type=missing, input_value={}, input_type=dict]
    For further information visit https://errors.pydantic.dev/2.11/v/missing
FAILED tests/unit/repositories/test_daily_report_repository.py::test_get_all_daily_reports - app.core.exceptions.DatabaseError: Failed to create daily report: <MagicMock name='mock.execute().error.message' id='4752051568'>
FAILED tests/unit/repositories/test_user_repository.py::test_create_user - pydantic_core._pydantic_core.ValidationError: 2 validation errors for User
created_at
  Field required [type=missing, input_value={'id': UUID('3420c189-091..., 'team': 'Engineering'}, input_type=dict]
    For further information visit https://errors.pydantic.dev/2.11/v/missing
updated_at
  Field required [type=missing, input_value={'id': UUID('3420c189-091..., 'team': 'Engineering'}, input_type=dict]
    For further information visit https://errors.pydantic.dev/2.11/v/missing
FAILED tests/unit/repositories/test_user_repository.py::test_get_user_by_id - AttributeError: 'coroutine' object has no attribute 'id'
FAILED tests/unit/repositories/test_user_repository.py::test_get_user_by_slack_id - AttributeError: 'coroutine' object has no attribute 'slack_id'
FAILED tests/unit/repositories/test_user_repository.py::test_list_users_by_role - TypeError: object of type 'coroutine' has no len()
FAILED tests/unit/repositories/test_user_repository.py::test_update_user - AttributeError: 'coroutine' object has no attribute 'id'
FAILED tests/unit/services/test_daily_commit_analysis_service.py::test_analyze_for_date_automatic - pydantic_core._pydantic_core.ValidationError: 2 validation errors for DailyCommitAnalysis
created_at
  Field required [type=missing, input_value={'id': UUID('8009d9c9-418...nt new API endpoints']}}, input_type=dict]
    For further information visit https://errors.pydantic.dev/2.11/v/missing
updated_at
  Field required [type=missing, input_value={'id': UUID('8009d9c9-418...nt new API endpoints']}}, input_type=dict]
    For further information visit https://errors.pydantic.dev/2.11/v/missing
FAILED tests/unit/services/test_daily_commit_analysis_service.py::test_run_midnight_analysis - TypeError: object list can't be used in 'await' expression
FAILED tests/unit/services/test_daily_commit_analysis_service.py::test_get_user_analysis_history - TypeError: object list can't be used in 'await' expression
FAILED tests/unit/services/test_daily_report_service.py::test_submit_daily_report_new - AssertionError: Expected 'update_daily_report' to have been called once. Called 0 times.
FAILED tests/unit/services/test_daily_report_service.py::test_submit_daily_report_existing - app.core.exceptions.BadRequestError: A report for today already exists. Use the update functionality to add more details.
FAILED tests/unit/services/test_daily_report_service.py::test_submit_daily_report_ai_processing_fails - AssertionError: Expected 'update_daily_report' to have been called once. Called 0 times.
FAILED tests/unit/services/test_daily_report_service.py::test_submit_daily_report_update_fails_after_get_existing - AssertionError: Regex pattern did not match.
 Regex: 'Failed to update existing report'
 Input: 'A report for today already exists. Use the update functionality to add more details.'
FAILED tests/unit/services/test_daily_report_service.py::test_submit_daily_report_ai_update_fails_after_successful_first_update - app.core.exceptions.BadRequestError: A report for today already exists. Use the update functionality to add more details.
FAILED tests/unit/services/test_daily_report_service.py::test_submit_daily_report_ai_service_exception - AssertionError: Expected 'update_daily_report' to have been called once. Called 0 times.
FAILED tests/unit/services/test_deduplication_service.py::TestDeduplicationService::test_apply_deduplication_rules - AttributeError: type object 'WorkType' has no attribute 'FEATURE'
FAILED tests/unit/services/test_deduplication_service.py::TestDeduplicationService::test_deduplication_with_time_correlation - pydantic_core._pydantic_core.ValidationError: 1 validation error for Commit
commit_timestamp
  Field required [type=missing, input_value={'id': UUID('d02eff71-90f...d0c-9d5c-172d6fe42b81')}, input_type=dict]
    For further information visit https://errors.pydantic.dev/2.11/v/missing
FAILED tests/unit/services/test_deduplication_service.py::TestDeduplicationService::test_deduplication_result_persistence - TypeError: DeduplicationResult.__init__() got an unexpected keyword argument 'duplicates'
FAILED tests/unit/services/test_deduplication_service.py::TestDeduplicationService::test_handle_empty_inputs - pydantic_core._pydantic_core.ValidationError: 1 validation error for DailyReport
raw_text_input
  Field required [type=missing, input_value={'id': UUID('d50d08d4-24f...=datetime.timezone.utc)}, input_type=dict]
    For further information visit https://errors.pydantic.dev/2.11/v/missing
FAILED tests/unit/services/test_deduplication_service.py::TestDeduplicationService::test_complex_deduplication_scenario - pydantic_core._pydantic_core.ValidationError: 1 validation error for Commit
commit_timestamp
  Field required [type=missing, input_value={'id': UUID('12fa0547-4c9...5bc-9c72-19b7c710efe0')}, input_type=dict]
    For further information visit https://errors.pydantic.dev/2.11/v/missing
FAILED tests/unit/services/test_unified_daily_analysis_service.py::TestUnifiedDailyAnalysisService::test_analyze_daily_work_with_commits_and_report - NameError: name 'DailyWorkAnalysis' is not defined
FAILED tests/unit/services/test_unified_daily_analysis_service.py::TestUnifiedDailyAnalysisService::test_analyze_daily_work_commits_only - NameError: name 'DailyWorkAnalysis' is not defined
FAILED tests/unit/services/test_unified_daily_analysis_service.py::TestUnifiedDailyAnalysisService::test_analyze_daily_work_report_only - NameError: name 'DailyWorkAnalysis' is not defined
FAILED tests/unit/services/test_unified_daily_analysis_service.py::TestUnifiedDailyAnalysisService::test_analyze_daily_work_no_activity - app.core.exceptions.ExternalServiceError: An error occurred while communicating with Unified Daily Analysis. Details: Failed to analyze daily work: An error occurred while communicating with Daily Work Analysis. Details: Failed to analyze daily work: Error fetching daily analysis: {'message': 'Missing response', 'code': '204', 'hint': 'Please check traceback of the code', 'details': "Postgrest couldn't retrieve response, please check traceback of the code. Please create an issue in `supabase-community/postgrest-py` if needed."}
FAILED tests/unit/services/test_unified_daily_analysis_service.py::TestUnifiedDailyAnalysisService::test_analyze_daily_work_existing_analysis - NameError: name 'DailyWorkAnalysis' is not defined
FAILED tests/unit/services/test_unified_daily_analysis_service.py::TestUnifiedDailyAnalysisService::test_analyze_daily_work_force_reanalysis - NameError: name 'DailyWorkAnalysis' is not defined
FAILED tests/unit/services/test_unified_daily_analysis_service.py::TestUnifiedDailyAnalysisService::test_parse_ai_response_validation - KeyError: 'total_productive_hours'
FAILED tests/unit/services/test_unified_daily_analysis_service.py::TestUnifiedDailyAnalysisService::test_ai_error_handling - app.core.exceptions.ExternalServiceError: An error occurred while communicating with Unified Daily Analysis. Details: Failed to analyze daily work: An error occurred while communicating with Daily Work Analysis. Details: Failed to analyze daily work: Error fetching daily analysis: {'message': 'Missing response', 'code': '204', 'hint': 'Please check traceback of the code', 'details': "Postgrest couldn't retrieve response, please check traceback of the code. Please create an issue in `supabase-community/postgrest-py` if needed."}
FAILED tests/unit/services/test_unified_daily_analysis_service.py::TestUnifiedDailyAnalysisService::test_get_weekly_aggregate - NameError: name 'DailyWorkAnalysis' is not defined
FAILED tests/unit/services/test_unified_daily_analysis_service.py::TestUnifiedDailyAnalysisService::test_handle_clarification_needed - NameError: name 'DailyWorkAnalysis' is not defined
FAILED tests/unit/services/test_unified_daily_analysis_service.py::TestUnifiedDailyAnalysisService::test_provide_clarification - NameError: name 'DailyWorkAnalysis' is not defined
FAILED tests/unit/services/test_unified_daily_analysis_service.py::TestUnifiedDailyAnalysisService::test_deduplication_in_prompt - app.core.exceptions.ExternalServiceError: An error occurred while communicating with Unified Daily Analysis. Details: Failed to analyze daily work: An error occurred while communicating with Daily Work Analysis. Details: Failed to analyze daily work: Error fetching daily analysis: {'message': 'Missing response', 'code': '204', 'hint': 'Please check traceback of the code', 'details': "Postgrest couldn't retrieve response, please check traceback of the code. Please create an issue in `supabase-community/postgrest-py` if needed."}
ERROR tests/unit/services/test_commit_analysis_service.py::test_process_commit_new_commit_success - pydantic_core._pydantic_core.ValidationError: 2 validation errors for User
created_at
  Field required [type=missing, input_value={'id': UUID('3914521c-16a...om', 'slack_id': 'U123'}, input_type=dict]
    For further information visit https://errors.pydantic.dev/2.11/v/missing
updated_at
  Field required [type=missing, input_value={'id': UUID('3914521c-16a...om', 'slack_id': 'U123'}, input_type=dict]
    For further information visit https://errors.pydantic.dev/2.11/v/missing
ERROR tests/unit/services/test_commit_analysis_service.py::test_process_commit_existing_needs_analysis - pydantic_core._pydantic_core.ValidationError: 2 validation errors for User
created_at
  Field required [type=missing, input_value={'id': UUID('5c0c666a-b58...om', 'slack_id': 'U123'}, input_type=dict]
    For further information visit https://errors.pydantic.dev/2.11/v/missing
updated_at
  Field required [type=missing, input_value={'id': UUID('5c0c666a-b58...om', 'slack_id': 'U123'}, input_type=dict]
    For further information visit https://errors.pydantic.dev/2.11/v/missing
ERROR tests/unit/services/test_commit_analysis_service.py::test_process_commit_already_processed - pydantic_core._pydantic_core.ValidationError: 2 validation errors for User
created_at
  Field required [type=missing, input_value={'id': UUID('656ff527-c40...om', 'slack_id': 'U123'}, input_type=dict]
    For further information visit https://errors.pydantic.dev/2.11/v/missing
updated_at
  Field required [type=missing, input_value={'id': UUID('656ff527-c40...om', 'slack_id': 'U123'}, input_type=dict]
    For further information visit https://errors.pydantic.dev/2.11/v/missing
ERROR tests/unit/services/test_commit_analysis_service.py::test_process_commit_user_not_found - pydantic_core._pydantic_core.ValidationError: 2 validation errors for User
created_at
  Field required [type=missing, input_value={'id': UUID('5599040d-979...om', 'slack_id': 'U123'}, input_type=dict]
    For further information visit https://errors.pydantic.dev/2.11/v/missing
updated_at
  Field required [type=missing, input_value={'id': UUID('5599040d-979...om', 'slack_id': 'U123'}, input_type=dict]
    For further information visit https://errors.pydantic.dev/2.11/v/missing
ERROR tests/unit/services/test_commit_analysis_service.py::test_process_commit_create_fails - pydantic_core._pydantic_core.ValidationError: 2 validation errors for User
created_at
  Field required [type=missing, input_value={'id': UUID('1bd73634-60e...om', 'slack_id': 'U123'}, input_type=dict]
    For further information visit https://errors.pydantic.dev/2.11/v/missing
updated_at
  Field required [type=missing, input_value={'id': UUID('1bd73634-60e...om', 'slack_id': 'U123'}, input_type=dict]
    For further information visit https://errors.pydantic.dev/2.11/v/missing
ERROR tests/unit/services/test_commit_analysis_service.py::test_process_commit_update_fails - pydantic_core._pydantic_core.ValidationError: 2 validation errors for User
created_at
  Field required [type=missing, input_value={'id': UUID('31455dc0-ff9...om', 'slack_id': 'U123'}, input_type=dict]
    For further information visit https://errors.pydantic.dev/2.11/v/missing
updated_at
  Field required [type=missing, input_value={'id': UUID('31455dc0-ff9...om', 'slack_id': 'U123'}, input_type=dict]
    For further information visit https://errors.pydantic.dev/2.11/v/missing
ERROR tests/unit/services/test_daily_commit_analysis_service.py::test_analyze_for_report_new_analysis - pydantic_core._pydantic_core.ValidationError: 1 validation error for DailyReport
raw_text_input
  Field required [type=missing, input_value={'id': UUID('935a2623-36f...etime.date(2025, 1, 15)}, input_type=dict]
    For further information visit https://errors.pydantic.dev/2.11/v/missing
ERROR tests/unit/services/test_daily_commit_analysis_service.py::test_analyze_for_report_existing_analysis - pydantic_core._pydantic_core.ValidationError: 1 validation error for DailyReport
raw_text_input
  Field required [type=missing, input_value={'id': UUID('5b0f90f8-152...etime.date(2025, 1, 15)}, input_type=dict]
    For further information visit https://errors.pydantic.dev/2.11/v/missing
ERROR tests/unit/services/test_daily_commit_analysis_service.py::test_analyze_for_report_no_commits - pydantic_core._pydantic_core.ValidationError: 1 validation error for DailyReport
raw_text_input
  Field required [type=missing, input_value={'id': UUID('bbe1849b-c3d...etime.date(2025, 1, 15)}, input_type=dict]
    For further information visit https://errors.pydantic.dev/2.11/v/missing
ERROR tests/unit/services/test_daily_commit_analysis_service.py::test_prepare_analysis_context - pydantic_core._pydantic_core.ValidationError: 1 validation error for DailyReport
raw_text_input
  Field required [type=missing, input_value={'id': UUID('b0c3193b-222...etime.date(2025, 1, 15)}, input_type=dict]
    For further information visit https://errors.pydantic.dev/2.11/v/missing
ERROR tests/unit/services/test_deduplication_service.py::TestDeduplicationService::test_find_duplicates_high_confidence - pydantic_core._pydantic_core.ValidationError: 1 validation error for Commit
commit_timestamp
  Field required [type=missing, input_value={'id': UUID('027457f3-cad...tication', 'security']}}, input_type=dict]
    For further information visit https://errors.pydantic.dev/2.11/v/missing
ERROR tests/unit/services/test_deduplication_service.py::TestDeduplicationService::test_find_duplicates_no_matches - pydantic_core._pydantic_core.ValidationError: 1 validation error for Commit
commit_timestamp
  Field required [type=missing, input_value={'id': UUID('04247314-b45...tication', 'security']}}, input_type=dict]
    For further information visit https://errors.pydantic.dev/2.11/v/missing
ERROR tests/unit/services/test_deduplication_service.py::TestDeduplicationService::test_weekly_aggregation - pydantic_core._pydantic_core.ValidationError: 2 validation errors for User
created_at
  Field required [type=missing, input_value={'id': UUID('17d8df54-937...ee'>, 'is_active': True}, input_type=dict]
    For further information visit https://errors.pydantic.dev/2.11/v/missing
updated_at
  Field required [type=missing, input_value={'id': UUID('17d8df54-937...ee'>, 'is_active': True}, input_type=dict]
    For further information visit https://errors.pydantic.dev/2.11/v/missing
ERROR tests/unit/services/test_deduplication_service.py::TestDeduplicationService::test_ai_similarity_error_handling - pydantic_core._pydantic_core.ValidationError: 1 validation error for Commit
commit_timestamp
  Field required [type=missing, input_value={'id': UUID('34241204-8ba...tication', 'security']}}, input_type=dict]
    For further information visit https://errors.pydantic.dev/2.11/v/missing
================== 82 failed, 168 passed, 14 errors in 3.50s ===================
